[2025-12-23T23:56:10.232+0530] {processor.py:186} INFO - Started process (PID=1646) to work on /mnt/d/Courses/_Zuu Crew/Build Production-Ready Machine Learning Systems - Zuu Crew/_Programming/customer_churn_prediction/.venv/lib/python3.12/site-packages/airflow/example_dags/example_latest_only.py
[2025-12-23T23:56:10.235+0530] {processor.py:914} INFO - Processing file /mnt/d/Courses/_Zuu Crew/Build Production-Ready Machine Learning Systems - Zuu Crew/_Programming/customer_churn_prediction/.venv/lib/python3.12/site-packages/airflow/example_dags/example_latest_only.py for tasks to queue
[2025-12-23T23:56:10.242+0530] {logging_mixin.py:190} INFO - [2025-12-23T23:56:10.241+0530] {dagbag.py:588} INFO - Filling up the DagBag from /mnt/d/Courses/_Zuu Crew/Build Production-Ready Machine Learning Systems - Zuu Crew/_Programming/customer_churn_prediction/.venv/lib/python3.12/site-packages/airflow/example_dags/example_latest_only.py
[2025-12-23T23:56:10.313+0530] {processor.py:925} INFO - DAG(s) 'latest_only' retrieved from /mnt/d/Courses/_Zuu Crew/Build Production-Ready Machine Learning Systems - Zuu Crew/_Programming/customer_churn_prediction/.venv/lib/python3.12/site-packages/airflow/example_dags/example_latest_only.py
[2025-12-23T23:56:11.747+0530] {logging_mixin.py:190} INFO - [2025-12-23T23:56:11.746+0530] {override.py:1911} INFO - Created Permission View: can read on DAG:latest_only
[2025-12-23T23:56:11.801+0530] {logging_mixin.py:190} INFO - [2025-12-23T23:56:11.800+0530] {override.py:1911} INFO - Created Permission View: can edit on DAG:latest_only
[2025-12-23T23:56:11.852+0530] {logging_mixin.py:190} INFO - [2025-12-23T23:56:11.850+0530] {override.py:1911} INFO - Created Permission View: can delete on DAG:latest_only
[2025-12-23T23:56:11.929+0530] {logging_mixin.py:190} INFO - [2025-12-23T23:56:11.928+0530] {override.py:1911} INFO - Created Permission View: can read on DAG Run:latest_only
[2025-12-23T23:56:11.977+0530] {logging_mixin.py:190} INFO - [2025-12-23T23:56:11.976+0530] {override.py:1911} INFO - Created Permission View: can create on DAG Run:latest_only
[2025-12-23T23:56:12.032+0530] {logging_mixin.py:190} INFO - [2025-12-23T23:56:12.031+0530] {override.py:1911} INFO - Created Permission View: can delete on DAG Run:latest_only
[2025-12-23T23:56:12.080+0530] {logging_mixin.py:190} INFO - [2025-12-23T23:56:12.078+0530] {override.py:1911} INFO - Created Permission View: menu access on DAG Run:latest_only
[2025-12-23T23:56:12.082+0530] {logging_mixin.py:190} INFO - [2025-12-23T23:56:12.081+0530] {dag.py:3239} INFO - Sync 1 DAGs
[2025-12-23T23:56:12.102+0530] {logging_mixin.py:190} INFO - [2025-12-23T23:56:12.101+0530] {dag.py:3262} INFO - Creating ORM DAG for latest_only
[2025-12-23T23:56:12.119+0530] {logging_mixin.py:190} INFO - [2025-12-23T23:56:12.118+0530] {dag.py:4180} INFO - Setting next_dagrun for latest_only to 2025-12-23 12:00:00+00:00, run_after=2025-12-23 16:00:00+00:00
[2025-12-23T23:56:12.190+0530] {processor.py:208} INFO - Processing /mnt/d/Courses/_Zuu Crew/Build Production-Ready Machine Learning Systems - Zuu Crew/_Programming/customer_churn_prediction/.venv/lib/python3.12/site-packages/airflow/example_dags/example_latest_only.py took 1.971 seconds
[2025-12-23T23:58:09.249+0530] {processor.py:186} INFO - Started process (PID=1706) to work on /mnt/d/Courses/_Zuu Crew/Build Production-Ready Machine Learning Systems - Zuu Crew/_Programming/customer_churn_prediction/.venv/lib/python3.12/site-packages/airflow/example_dags/example_latest_only.py
[2025-12-23T23:58:09.253+0530] {processor.py:914} INFO - Processing file /mnt/d/Courses/_Zuu Crew/Build Production-Ready Machine Learning Systems - Zuu Crew/_Programming/customer_churn_prediction/.venv/lib/python3.12/site-packages/airflow/example_dags/example_latest_only.py for tasks to queue
[2025-12-23T23:58:09.260+0530] {logging_mixin.py:190} INFO - [2025-12-23T23:58:09.258+0530] {dagbag.py:588} INFO - Filling up the DagBag from /mnt/d/Courses/_Zuu Crew/Build Production-Ready Machine Learning Systems - Zuu Crew/_Programming/customer_churn_prediction/.venv/lib/python3.12/site-packages/airflow/example_dags/example_latest_only.py
[2025-12-23T23:58:09.360+0530] {processor.py:925} INFO - DAG(s) 'latest_only' retrieved from /mnt/d/Courses/_Zuu Crew/Build Production-Ready Machine Learning Systems - Zuu Crew/_Programming/customer_churn_prediction/.venv/lib/python3.12/site-packages/airflow/example_dags/example_latest_only.py
[2025-12-23T23:58:09.400+0530] {logging_mixin.py:190} INFO - [2025-12-23T23:58:09.399+0530] {dag.py:3239} INFO - Sync 1 DAGs
[2025-12-23T23:58:09.443+0530] {logging_mixin.py:190} INFO - [2025-12-23T23:58:09.441+0530] {dag.py:4180} INFO - Setting next_dagrun for latest_only to 2025-12-23 12:00:00+00:00, run_after=2025-12-23 16:00:00+00:00
[2025-12-23T23:58:09.519+0530] {processor.py:208} INFO - Processing /mnt/d/Courses/_Zuu Crew/Build Production-Ready Machine Learning Systems - Zuu Crew/_Programming/customer_churn_prediction/.venv/lib/python3.12/site-packages/airflow/example_dags/example_latest_only.py took 0.286 seconds
