[2025-12-23T23:56:30.111+0530] {processor.py:186} INFO - Started process (PID=1653) to work on /mnt/d/Courses/_Zuu Crew/Build Production-Ready Machine Learning Systems - Zuu Crew/_Programming/customer_churn_prediction/.venv/lib/python3.12/site-packages/airflow/example_dags/example_datasets.py
[2025-12-23T23:56:30.113+0530] {processor.py:914} INFO - Processing file /mnt/d/Courses/_Zuu Crew/Build Production-Ready Machine Learning Systems - Zuu Crew/_Programming/customer_churn_prediction/.venv/lib/python3.12/site-packages/airflow/example_dags/example_datasets.py for tasks to queue
[2025-12-23T23:56:30.117+0530] {logging_mixin.py:190} INFO - [2025-12-23T23:56:30.116+0530] {dagbag.py:588} INFO - Filling up the DagBag from /mnt/d/Courses/_Zuu Crew/Build Production-Ready Machine Learning Systems - Zuu Crew/_Programming/customer_churn_prediction/.venv/lib/python3.12/site-packages/airflow/example_dags/example_datasets.py
[2025-12-23T23:56:30.266+0530] {processor.py:925} INFO - DAG(s) 'dataset_consumes_1', 'dataset_produces_2', 'conditional_dataset_and_time_based_timetable', 'consume_1_or_2_with_dataset_expressions', 'dataset_consumes_1_never_scheduled', 'consume_1_or_both_2_and_3_with_dataset_expressions', 'dataset_consumes_unknown_never_scheduled', 'dataset_consumes_1_and_2', 'consume_1_and_2_with_dataset_expressions', 'dataset_produces_1' retrieved from /mnt/d/Courses/_Zuu Crew/Build Production-Ready Machine Learning Systems - Zuu Crew/_Programming/customer_churn_prediction/.venv/lib/python3.12/site-packages/airflow/example_dags/example_datasets.py
[2025-12-23T23:56:31.723+0530] {logging_mixin.py:190} INFO - [2025-12-23T23:56:31.721+0530] {override.py:1911} INFO - Created Permission View: can read on DAG:dataset_consumes_1
[2025-12-23T23:56:31.777+0530] {logging_mixin.py:190} INFO - [2025-12-23T23:56:31.776+0530] {override.py:1911} INFO - Created Permission View: can edit on DAG:dataset_consumes_1
[2025-12-23T23:56:31.825+0530] {logging_mixin.py:190} INFO - [2025-12-23T23:56:31.823+0530] {override.py:1911} INFO - Created Permission View: can delete on DAG:dataset_consumes_1
[2025-12-23T23:56:31.904+0530] {logging_mixin.py:190} INFO - [2025-12-23T23:56:31.903+0530] {override.py:1911} INFO - Created Permission View: can read on DAG Run:dataset_consumes_1
[2025-12-23T23:56:31.951+0530] {logging_mixin.py:190} INFO - [2025-12-23T23:56:31.950+0530] {override.py:1911} INFO - Created Permission View: can create on DAG Run:dataset_consumes_1
[2025-12-23T23:56:32.000+0530] {logging_mixin.py:190} INFO - [2025-12-23T23:56:31.999+0530] {override.py:1911} INFO - Created Permission View: can delete on DAG Run:dataset_consumes_1
[2025-12-23T23:56:32.051+0530] {logging_mixin.py:190} INFO - [2025-12-23T23:56:32.049+0530] {override.py:1911} INFO - Created Permission View: menu access on DAG Run:dataset_consumes_1
[2025-12-23T23:56:32.147+0530] {logging_mixin.py:190} INFO - [2025-12-23T23:56:32.145+0530] {override.py:1911} INFO - Created Permission View: can read on DAG:dataset_produces_2
[2025-12-23T23:56:32.191+0530] {logging_mixin.py:190} INFO - [2025-12-23T23:56:32.190+0530] {override.py:1911} INFO - Created Permission View: can edit on DAG:dataset_produces_2
[2025-12-23T23:56:32.243+0530] {logging_mixin.py:190} INFO - [2025-12-23T23:56:32.241+0530] {override.py:1911} INFO - Created Permission View: can delete on DAG:dataset_produces_2
[2025-12-23T23:56:32.321+0530] {logging_mixin.py:190} INFO - [2025-12-23T23:56:32.319+0530] {override.py:1911} INFO - Created Permission View: can read on DAG Run:dataset_produces_2
[2025-12-23T23:56:32.374+0530] {logging_mixin.py:190} INFO - [2025-12-23T23:56:32.372+0530] {override.py:1911} INFO - Created Permission View: can create on DAG Run:dataset_produces_2
[2025-12-23T23:56:32.429+0530] {logging_mixin.py:190} INFO - [2025-12-23T23:56:32.426+0530] {override.py:1911} INFO - Created Permission View: can delete on DAG Run:dataset_produces_2
[2025-12-23T23:56:32.485+0530] {logging_mixin.py:190} INFO - [2025-12-23T23:56:32.483+0530] {override.py:1911} INFO - Created Permission View: menu access on DAG Run:dataset_produces_2
[2025-12-23T23:56:32.582+0530] {logging_mixin.py:190} INFO - [2025-12-23T23:56:32.580+0530] {override.py:1911} INFO - Created Permission View: can read on DAG:conditional_dataset_and_time_based_timetable
[2025-12-23T23:56:32.628+0530] {logging_mixin.py:190} INFO - [2025-12-23T23:56:32.626+0530] {override.py:1911} INFO - Created Permission View: can edit on DAG:conditional_dataset_and_time_based_timetable
[2025-12-23T23:56:32.680+0530] {logging_mixin.py:190} INFO - [2025-12-23T23:56:32.678+0530] {override.py:1911} INFO - Created Permission View: can delete on DAG:conditional_dataset_and_time_based_timetable
[2025-12-23T23:56:32.757+0530] {logging_mixin.py:190} INFO - [2025-12-23T23:56:32.755+0530] {override.py:1911} INFO - Created Permission View: can read on DAG Run:conditional_dataset_and_time_based_timetable
[2025-12-23T23:56:32.807+0530] {logging_mixin.py:190} INFO - [2025-12-23T23:56:32.806+0530] {override.py:1911} INFO - Created Permission View: can create on DAG Run:conditional_dataset_and_time_based_timetable
[2025-12-23T23:56:32.853+0530] {logging_mixin.py:190} INFO - [2025-12-23T23:56:32.852+0530] {override.py:1911} INFO - Created Permission View: can delete on DAG Run:conditional_dataset_and_time_based_timetable
[2025-12-23T23:56:32.900+0530] {logging_mixin.py:190} INFO - [2025-12-23T23:56:32.898+0530] {override.py:1911} INFO - Created Permission View: menu access on DAG Run:conditional_dataset_and_time_based_timetable
[2025-12-23T23:56:32.991+0530] {logging_mixin.py:190} INFO - [2025-12-23T23:56:32.990+0530] {override.py:1911} INFO - Created Permission View: can read on DAG:consume_1_or_2_with_dataset_expressions
[2025-12-23T23:56:33.037+0530] {logging_mixin.py:190} INFO - [2025-12-23T23:56:33.036+0530] {override.py:1911} INFO - Created Permission View: can edit on DAG:consume_1_or_2_with_dataset_expressions
[2025-12-23T23:56:33.084+0530] {logging_mixin.py:190} INFO - [2025-12-23T23:56:33.082+0530] {override.py:1911} INFO - Created Permission View: can delete on DAG:consume_1_or_2_with_dataset_expressions
[2025-12-23T23:56:33.163+0530] {logging_mixin.py:190} INFO - [2025-12-23T23:56:33.161+0530] {override.py:1911} INFO - Created Permission View: can read on DAG Run:consume_1_or_2_with_dataset_expressions
[2025-12-23T23:56:33.208+0530] {logging_mixin.py:190} INFO - [2025-12-23T23:56:33.207+0530] {override.py:1911} INFO - Created Permission View: can create on DAG Run:consume_1_or_2_with_dataset_expressions
[2025-12-23T23:56:33.257+0530] {logging_mixin.py:190} INFO - [2025-12-23T23:56:33.255+0530] {override.py:1911} INFO - Created Permission View: can delete on DAG Run:consume_1_or_2_with_dataset_expressions
[2025-12-23T23:56:33.303+0530] {logging_mixin.py:190} INFO - [2025-12-23T23:56:33.301+0530] {override.py:1911} INFO - Created Permission View: menu access on DAG Run:consume_1_or_2_with_dataset_expressions
[2025-12-23T23:56:33.395+0530] {logging_mixin.py:190} INFO - [2025-12-23T23:56:33.394+0530] {override.py:1911} INFO - Created Permission View: can read on DAG:dataset_consumes_1_never_scheduled
[2025-12-23T23:56:33.436+0530] {logging_mixin.py:190} INFO - [2025-12-23T23:56:33.435+0530] {override.py:1911} INFO - Created Permission View: can edit on DAG:dataset_consumes_1_never_scheduled
[2025-12-23T23:56:33.485+0530] {logging_mixin.py:190} INFO - [2025-12-23T23:56:33.483+0530] {override.py:1911} INFO - Created Permission View: can delete on DAG:dataset_consumes_1_never_scheduled
[2025-12-23T23:56:33.570+0530] {logging_mixin.py:190} INFO - [2025-12-23T23:56:33.569+0530] {override.py:1911} INFO - Created Permission View: can read on DAG Run:dataset_consumes_1_never_scheduled
[2025-12-23T23:56:33.619+0530] {logging_mixin.py:190} INFO - [2025-12-23T23:56:33.618+0530] {override.py:1911} INFO - Created Permission View: can create on DAG Run:dataset_consumes_1_never_scheduled
[2025-12-23T23:56:33.668+0530] {logging_mixin.py:190} INFO - [2025-12-23T23:56:33.666+0530] {override.py:1911} INFO - Created Permission View: can delete on DAG Run:dataset_consumes_1_never_scheduled
[2025-12-23T23:56:33.718+0530] {logging_mixin.py:190} INFO - [2025-12-23T23:56:33.717+0530] {override.py:1911} INFO - Created Permission View: menu access on DAG Run:dataset_consumes_1_never_scheduled
[2025-12-23T23:56:33.813+0530] {logging_mixin.py:190} INFO - [2025-12-23T23:56:33.812+0530] {override.py:1911} INFO - Created Permission View: can read on DAG:consume_1_or_both_2_and_3_with_dataset_expressions
[2025-12-23T23:56:33.860+0530] {logging_mixin.py:190} INFO - [2025-12-23T23:56:33.858+0530] {override.py:1911} INFO - Created Permission View: can edit on DAG:consume_1_or_both_2_and_3_with_dataset_expressions
[2025-12-23T23:56:33.907+0530] {logging_mixin.py:190} INFO - [2025-12-23T23:56:33.905+0530] {override.py:1911} INFO - Created Permission View: can delete on DAG:consume_1_or_both_2_and_3_with_dataset_expressions
[2025-12-23T23:56:33.985+0530] {logging_mixin.py:190} INFO - [2025-12-23T23:56:33.983+0530] {override.py:1911} INFO - Created Permission View: can read on DAG Run:consume_1_or_both_2_and_3_with_dataset_expressions
[2025-12-23T23:56:34.028+0530] {logging_mixin.py:190} INFO - [2025-12-23T23:56:34.026+0530] {override.py:1911} INFO - Created Permission View: can create on DAG Run:consume_1_or_both_2_and_3_with_dataset_expressions
[2025-12-23T23:56:34.073+0530] {logging_mixin.py:190} INFO - [2025-12-23T23:56:34.071+0530] {override.py:1911} INFO - Created Permission View: can delete on DAG Run:consume_1_or_both_2_and_3_with_dataset_expressions
[2025-12-23T23:56:34.121+0530] {logging_mixin.py:190} INFO - [2025-12-23T23:56:34.119+0530] {override.py:1911} INFO - Created Permission View: menu access on DAG Run:consume_1_or_both_2_and_3_with_dataset_expressions
[2025-12-23T23:56:34.208+0530] {logging_mixin.py:190} INFO - [2025-12-23T23:56:34.207+0530] {override.py:1911} INFO - Created Permission View: can read on DAG:dataset_consumes_unknown_never_scheduled
[2025-12-23T23:56:34.256+0530] {logging_mixin.py:190} INFO - [2025-12-23T23:56:34.255+0530] {override.py:1911} INFO - Created Permission View: can edit on DAG:dataset_consumes_unknown_never_scheduled
[2025-12-23T23:56:34.299+0530] {logging_mixin.py:190} INFO - [2025-12-23T23:56:34.298+0530] {override.py:1911} INFO - Created Permission View: can delete on DAG:dataset_consumes_unknown_never_scheduled
[2025-12-23T23:56:34.378+0530] {logging_mixin.py:190} INFO - [2025-12-23T23:56:34.377+0530] {override.py:1911} INFO - Created Permission View: can read on DAG Run:dataset_consumes_unknown_never_scheduled
[2025-12-23T23:56:34.427+0530] {logging_mixin.py:190} INFO - [2025-12-23T23:56:34.425+0530] {override.py:1911} INFO - Created Permission View: can create on DAG Run:dataset_consumes_unknown_never_scheduled
[2025-12-23T23:56:34.466+0530] {logging_mixin.py:190} INFO - [2025-12-23T23:56:34.465+0530] {override.py:1911} INFO - Created Permission View: can delete on DAG Run:dataset_consumes_unknown_never_scheduled
[2025-12-23T23:56:34.519+0530] {logging_mixin.py:190} INFO - [2025-12-23T23:56:34.517+0530] {override.py:1911} INFO - Created Permission View: menu access on DAG Run:dataset_consumes_unknown_never_scheduled
[2025-12-23T23:56:34.612+0530] {logging_mixin.py:190} INFO - [2025-12-23T23:56:34.611+0530] {override.py:1911} INFO - Created Permission View: can read on DAG:dataset_consumes_1_and_2
[2025-12-23T23:56:34.656+0530] {logging_mixin.py:190} INFO - [2025-12-23T23:56:34.654+0530] {override.py:1911} INFO - Created Permission View: can edit on DAG:dataset_consumes_1_and_2
[2025-12-23T23:56:34.702+0530] {logging_mixin.py:190} INFO - [2025-12-23T23:56:34.701+0530] {override.py:1911} INFO - Created Permission View: can delete on DAG:dataset_consumes_1_and_2
[2025-12-23T23:56:34.779+0530] {logging_mixin.py:190} INFO - [2025-12-23T23:56:34.778+0530] {override.py:1911} INFO - Created Permission View: can read on DAG Run:dataset_consumes_1_and_2
[2025-12-23T23:56:34.829+0530] {logging_mixin.py:190} INFO - [2025-12-23T23:56:34.827+0530] {override.py:1911} INFO - Created Permission View: can create on DAG Run:dataset_consumes_1_and_2
[2025-12-23T23:56:34.876+0530] {logging_mixin.py:190} INFO - [2025-12-23T23:56:34.875+0530] {override.py:1911} INFO - Created Permission View: can delete on DAG Run:dataset_consumes_1_and_2
[2025-12-23T23:56:34.927+0530] {logging_mixin.py:190} INFO - [2025-12-23T23:56:34.925+0530] {override.py:1911} INFO - Created Permission View: menu access on DAG Run:dataset_consumes_1_and_2
[2025-12-23T23:56:35.012+0530] {logging_mixin.py:190} INFO - [2025-12-23T23:56:35.011+0530] {override.py:1911} INFO - Created Permission View: can read on DAG:consume_1_and_2_with_dataset_expressions
[2025-12-23T23:56:35.057+0530] {logging_mixin.py:190} INFO - [2025-12-23T23:56:35.056+0530] {override.py:1911} INFO - Created Permission View: can edit on DAG:consume_1_and_2_with_dataset_expressions
[2025-12-23T23:56:35.108+0530] {logging_mixin.py:190} INFO - [2025-12-23T23:56:35.106+0530] {override.py:1911} INFO - Created Permission View: can delete on DAG:consume_1_and_2_with_dataset_expressions
[2025-12-23T23:56:35.200+0530] {logging_mixin.py:190} INFO - [2025-12-23T23:56:35.198+0530] {override.py:1911} INFO - Created Permission View: can read on DAG Run:consume_1_and_2_with_dataset_expressions
[2025-12-23T23:56:35.246+0530] {logging_mixin.py:190} INFO - [2025-12-23T23:56:35.244+0530] {override.py:1911} INFO - Created Permission View: can create on DAG Run:consume_1_and_2_with_dataset_expressions
[2025-12-23T23:56:35.291+0530] {logging_mixin.py:190} INFO - [2025-12-23T23:56:35.290+0530] {override.py:1911} INFO - Created Permission View: can delete on DAG Run:consume_1_and_2_with_dataset_expressions
[2025-12-23T23:56:35.339+0530] {logging_mixin.py:190} INFO - [2025-12-23T23:56:35.338+0530] {override.py:1911} INFO - Created Permission View: menu access on DAG Run:consume_1_and_2_with_dataset_expressions
[2025-12-23T23:56:35.429+0530] {logging_mixin.py:190} INFO - [2025-12-23T23:56:35.428+0530] {override.py:1911} INFO - Created Permission View: can read on DAG:dataset_produces_1
[2025-12-23T23:56:35.471+0530] {logging_mixin.py:190} INFO - [2025-12-23T23:56:35.469+0530] {override.py:1911} INFO - Created Permission View: can edit on DAG:dataset_produces_1
[2025-12-23T23:56:35.521+0530] {logging_mixin.py:190} INFO - [2025-12-23T23:56:35.520+0530] {override.py:1911} INFO - Created Permission View: can delete on DAG:dataset_produces_1
[2025-12-23T23:56:35.596+0530] {logging_mixin.py:190} INFO - [2025-12-23T23:56:35.595+0530] {override.py:1911} INFO - Created Permission View: can read on DAG Run:dataset_produces_1
[2025-12-23T23:56:35.638+0530] {logging_mixin.py:190} INFO - [2025-12-23T23:56:35.637+0530] {override.py:1911} INFO - Created Permission View: can create on DAG Run:dataset_produces_1
[2025-12-23T23:56:35.684+0530] {logging_mixin.py:190} INFO - [2025-12-23T23:56:35.683+0530] {override.py:1911} INFO - Created Permission View: can delete on DAG Run:dataset_produces_1
[2025-12-23T23:56:35.734+0530] {logging_mixin.py:190} INFO - [2025-12-23T23:56:35.733+0530] {override.py:1911} INFO - Created Permission View: menu access on DAG Run:dataset_produces_1
[2025-12-23T23:56:35.736+0530] {logging_mixin.py:190} INFO - [2025-12-23T23:56:35.735+0530] {dag.py:3239} INFO - Sync 10 DAGs
[2025-12-23T23:56:35.761+0530] {logging_mixin.py:190} INFO - [2025-12-23T23:56:35.759+0530] {dag.py:3262} INFO - Creating ORM DAG for dataset_produces_1
[2025-12-23T23:56:35.763+0530] {logging_mixin.py:190} INFO - [2025-12-23T23:56:35.762+0530] {dag.py:3262} INFO - Creating ORM DAG for dataset_consumes_1
[2025-12-23T23:56:35.765+0530] {logging_mixin.py:190} INFO - [2025-12-23T23:56:35.764+0530] {dag.py:3262} INFO - Creating ORM DAG for consume_1_or_both_2_and_3_with_dataset_expressions
[2025-12-23T23:56:35.768+0530] {logging_mixin.py:190} INFO - [2025-12-23T23:56:35.767+0530] {dag.py:3262} INFO - Creating ORM DAG for consume_1_and_2_with_dataset_expressions
[2025-12-23T23:56:35.770+0530] {logging_mixin.py:190} INFO - [2025-12-23T23:56:35.769+0530] {dag.py:3262} INFO - Creating ORM DAG for dataset_consumes_1_and_2
[2025-12-23T23:56:35.772+0530] {logging_mixin.py:190} INFO - [2025-12-23T23:56:35.771+0530] {dag.py:3262} INFO - Creating ORM DAG for conditional_dataset_and_time_based_timetable
[2025-12-23T23:56:35.775+0530] {logging_mixin.py:190} INFO - [2025-12-23T23:56:35.774+0530] {dag.py:3262} INFO - Creating ORM DAG for dataset_consumes_1_never_scheduled
[2025-12-23T23:56:35.777+0530] {logging_mixin.py:190} INFO - [2025-12-23T23:56:35.776+0530] {dag.py:3262} INFO - Creating ORM DAG for dataset_consumes_unknown_never_scheduled
[2025-12-23T23:56:35.779+0530] {logging_mixin.py:190} INFO - [2025-12-23T23:56:35.778+0530] {dag.py:3262} INFO - Creating ORM DAG for consume_1_or_2_with_dataset_expressions
[2025-12-23T23:56:35.781+0530] {logging_mixin.py:190} INFO - [2025-12-23T23:56:35.781+0530] {dag.py:3262} INFO - Creating ORM DAG for dataset_produces_2
[2025-12-23T23:56:35.795+0530] {logging_mixin.py:190} INFO - [2025-12-23T23:56:35.794+0530] {dag.py:4180} INFO - Setting next_dagrun for conditional_dataset_and_time_based_timetable to 2025-12-17 01:00:00+00:00, run_after=2025-12-17 01:00:00+00:00
[2025-12-23T23:56:35.798+0530] {logging_mixin.py:190} INFO - [2025-12-23T23:56:35.797+0530] {dag.py:4180} INFO - Setting next_dagrun for consume_1_and_2_with_dataset_expressions to None, run_after=None
[2025-12-23T23:56:35.800+0530] {logging_mixin.py:190} INFO - [2025-12-23T23:56:35.799+0530] {dag.py:4180} INFO - Setting next_dagrun for consume_1_or_2_with_dataset_expressions to None, run_after=None
[2025-12-23T23:56:35.802+0530] {logging_mixin.py:190} INFO - [2025-12-23T23:56:35.801+0530] {dag.py:4180} INFO - Setting next_dagrun for consume_1_or_both_2_and_3_with_dataset_expressions to None, run_after=None
[2025-12-23T23:56:35.805+0530] {logging_mixin.py:190} INFO - [2025-12-23T23:56:35.804+0530] {dag.py:4180} INFO - Setting next_dagrun for dataset_consumes_1 to None, run_after=None
[2025-12-23T23:56:35.807+0530] {logging_mixin.py:190} INFO - [2025-12-23T23:56:35.806+0530] {dag.py:4180} INFO - Setting next_dagrun for dataset_consumes_1_and_2 to None, run_after=None
[2025-12-23T23:56:35.810+0530] {logging_mixin.py:190} INFO - [2025-12-23T23:56:35.808+0530] {dag.py:4180} INFO - Setting next_dagrun for dataset_consumes_1_never_scheduled to None, run_after=None
[2025-12-23T23:56:35.812+0530] {logging_mixin.py:190} INFO - [2025-12-23T23:56:35.811+0530] {dag.py:4180} INFO - Setting next_dagrun for dataset_consumes_unknown_never_scheduled to None, run_after=None
[2025-12-23T23:56:35.815+0530] {logging_mixin.py:190} INFO - [2025-12-23T23:56:35.814+0530] {dag.py:4180} INFO - Setting next_dagrun for dataset_produces_1 to 2025-12-22 00:00:00+00:00, run_after=2025-12-23 00:00:00+00:00
[2025-12-23T23:56:35.818+0530] {logging_mixin.py:190} INFO - [2025-12-23T23:56:35.817+0530] {dag.py:4180} INFO - Setting next_dagrun for dataset_produces_2 to None, run_after=None
[2025-12-23T23:56:35.932+0530] {processor.py:208} INFO - Processing /mnt/d/Courses/_Zuu Crew/Build Production-Ready Machine Learning Systems - Zuu Crew/_Programming/customer_churn_prediction/.venv/lib/python3.12/site-packages/airflow/example_dags/example_datasets.py took 5.836 seconds
