[2025-12-23T23:55:43.487+0530] {processor.py:186} INFO - Started process (PID=1637) to work on /mnt/d/Courses/_Zuu Crew/Build Production-Ready Machine Learning Systems - Zuu Crew/_Programming/customer_churn_prediction/.venv/lib/python3.12/site-packages/airflow/example_dags/example_python_operator.py
[2025-12-23T23:55:43.489+0530] {processor.py:914} INFO - Processing file /mnt/d/Courses/_Zuu Crew/Build Production-Ready Machine Learning Systems - Zuu Crew/_Programming/customer_churn_prediction/.venv/lib/python3.12/site-packages/airflow/example_dags/example_python_operator.py for tasks to queue
[2025-12-23T23:55:43.493+0530] {logging_mixin.py:190} INFO - [2025-12-23T23:55:43.492+0530] {dagbag.py:588} INFO - Filling up the DagBag from /mnt/d/Courses/_Zuu Crew/Build Production-Ready Machine Learning Systems - Zuu Crew/_Programming/customer_churn_prediction/.venv/lib/python3.12/site-packages/airflow/example_dags/example_python_operator.py
[2025-12-23T23:55:43.631+0530] {logging_mixin.py:190} INFO - [2025-12-23T23:55:43.630+0530] {example_python_operator.py:93} WARNING - The virtalenv_python example task requires virtualenv, please install it.
[2025-12-23T23:55:43.673+0530] {processor.py:925} INFO - DAG(s) 'example_python_operator' retrieved from /mnt/d/Courses/_Zuu Crew/Build Production-Ready Machine Learning Systems - Zuu Crew/_Programming/customer_churn_prediction/.venv/lib/python3.12/site-packages/airflow/example_dags/example_python_operator.py
[2025-12-23T23:55:44.853+0530] {logging_mixin.py:190} INFO - [2025-12-23T23:55:44.851+0530] {override.py:1911} INFO - Created Permission View: can read on DAG:example_python_operator
[2025-12-23T23:55:44.906+0530] {logging_mixin.py:190} INFO - [2025-12-23T23:55:44.904+0530] {override.py:1911} INFO - Created Permission View: can edit on DAG:example_python_operator
[2025-12-23T23:55:44.966+0530] {logging_mixin.py:190} INFO - [2025-12-23T23:55:44.965+0530] {override.py:1911} INFO - Created Permission View: can delete on DAG:example_python_operator
[2025-12-23T23:55:45.052+0530] {logging_mixin.py:190} INFO - [2025-12-23T23:55:45.051+0530] {override.py:1911} INFO - Created Permission View: can read on DAG Run:example_python_operator
[2025-12-23T23:55:45.098+0530] {logging_mixin.py:190} INFO - [2025-12-23T23:55:45.097+0530] {override.py:1911} INFO - Created Permission View: can create on DAG Run:example_python_operator
[2025-12-23T23:55:45.147+0530] {logging_mixin.py:190} INFO - [2025-12-23T23:55:45.145+0530] {override.py:1911} INFO - Created Permission View: can delete on DAG Run:example_python_operator
[2025-12-23T23:55:45.192+0530] {logging_mixin.py:190} INFO - [2025-12-23T23:55:45.190+0530] {override.py:1911} INFO - Created Permission View: menu access on DAG Run:example_python_operator
[2025-12-23T23:55:45.195+0530] {logging_mixin.py:190} INFO - [2025-12-23T23:55:45.194+0530] {dag.py:3239} INFO - Sync 1 DAGs
[2025-12-23T23:55:45.217+0530] {logging_mixin.py:190} INFO - [2025-12-23T23:55:45.215+0530] {dag.py:3262} INFO - Creating ORM DAG for example_python_operator
[2025-12-23T23:55:45.219+0530] {logging_mixin.py:190} INFO - [2025-12-23T23:55:45.218+0530] {dag.py:4180} INFO - Setting next_dagrun for example_python_operator to None, run_after=None
[2025-12-23T23:55:45.291+0530] {processor.py:208} INFO - Processing /mnt/d/Courses/_Zuu Crew/Build Production-Ready Machine Learning Systems - Zuu Crew/_Programming/customer_churn_prediction/.venv/lib/python3.12/site-packages/airflow/example_dags/example_python_operator.py took 1.815 seconds
[2025-12-23T23:57:57.266+0530] {processor.py:186} INFO - Started process (PID=1697) to work on /mnt/d/Courses/_Zuu Crew/Build Production-Ready Machine Learning Systems - Zuu Crew/_Programming/customer_churn_prediction/.venv/lib/python3.12/site-packages/airflow/example_dags/example_python_operator.py
[2025-12-23T23:57:57.268+0530] {processor.py:914} INFO - Processing file /mnt/d/Courses/_Zuu Crew/Build Production-Ready Machine Learning Systems - Zuu Crew/_Programming/customer_churn_prediction/.venv/lib/python3.12/site-packages/airflow/example_dags/example_python_operator.py for tasks to queue
[2025-12-23T23:57:57.272+0530] {logging_mixin.py:190} INFO - [2025-12-23T23:57:57.271+0530] {dagbag.py:588} INFO - Filling up the DagBag from /mnt/d/Courses/_Zuu Crew/Build Production-Ready Machine Learning Systems - Zuu Crew/_Programming/customer_churn_prediction/.venv/lib/python3.12/site-packages/airflow/example_dags/example_python_operator.py
[2025-12-23T23:57:57.417+0530] {logging_mixin.py:190} INFO - [2025-12-23T23:57:57.416+0530] {example_python_operator.py:93} WARNING - The virtalenv_python example task requires virtualenv, please install it.
[2025-12-23T23:57:57.469+0530] {processor.py:925} INFO - DAG(s) 'example_python_operator' retrieved from /mnt/d/Courses/_Zuu Crew/Build Production-Ready Machine Learning Systems - Zuu Crew/_Programming/customer_churn_prediction/.venv/lib/python3.12/site-packages/airflow/example_dags/example_python_operator.py
[2025-12-23T23:57:57.501+0530] {logging_mixin.py:190} INFO - [2025-12-23T23:57:57.500+0530] {dag.py:3239} INFO - Sync 1 DAGs
[2025-12-23T23:57:57.521+0530] {logging_mixin.py:190} INFO - [2025-12-23T23:57:57.519+0530] {dag.py:4180} INFO - Setting next_dagrun for example_python_operator to None, run_after=None
[2025-12-23T23:57:57.603+0530] {processor.py:208} INFO - Processing /mnt/d/Courses/_Zuu Crew/Build Production-Ready Machine Learning Systems - Zuu Crew/_Programming/customer_churn_prediction/.venv/lib/python3.12/site-packages/airflow/example_dags/example_python_operator.py took 0.350 seconds
