[2025-12-23T23:56:41.217+0530] {processor.py:186} INFO - Started process (PID=1655) to work on /mnt/d/Courses/_Zuu Crew/Build Production-Ready Machine Learning Systems - Zuu Crew/_Programming/customer_churn_prediction/.venv/lib/python3.12/site-packages/airflow/example_dags/example_dataset_alias.py
[2025-12-23T23:56:41.220+0530] {processor.py:914} INFO - Processing file /mnt/d/Courses/_Zuu Crew/Build Production-Ready Machine Learning Systems - Zuu Crew/_Programming/customer_churn_prediction/.venv/lib/python3.12/site-packages/airflow/example_dags/example_dataset_alias.py for tasks to queue
[2025-12-23T23:56:41.225+0530] {logging_mixin.py:190} INFO - [2025-12-23T23:56:41.224+0530] {dagbag.py:588} INFO - Filling up the DagBag from /mnt/d/Courses/_Zuu Crew/Build Production-Ready Machine Learning Systems - Zuu Crew/_Programming/customer_churn_prediction/.venv/lib/python3.12/site-packages/airflow/example_dags/example_dataset_alias.py
[2025-12-23T23:56:41.408+0530] {processor.py:925} INFO - DAG(s) 'dataset_s3_bucket_consumer', 'dataset_s3_bucket_producer', 'dataset_alias_example_alias_producer', 'dataset_alias_example_alias_consumer' retrieved from /mnt/d/Courses/_Zuu Crew/Build Production-Ready Machine Learning Systems - Zuu Crew/_Programming/customer_churn_prediction/.venv/lib/python3.12/site-packages/airflow/example_dags/example_dataset_alias.py
[2025-12-23T23:56:42.699+0530] {logging_mixin.py:190} INFO - [2025-12-23T23:56:42.697+0530] {override.py:1911} INFO - Created Permission View: can read on DAG:dataset_s3_bucket_consumer
[2025-12-23T23:56:42.761+0530] {logging_mixin.py:190} INFO - [2025-12-23T23:56:42.759+0530] {override.py:1911} INFO - Created Permission View: can edit on DAG:dataset_s3_bucket_consumer
[2025-12-23T23:56:42.813+0530] {logging_mixin.py:190} INFO - [2025-12-23T23:56:42.812+0530] {override.py:1911} INFO - Created Permission View: can delete on DAG:dataset_s3_bucket_consumer
[2025-12-23T23:56:42.893+0530] {logging_mixin.py:190} INFO - [2025-12-23T23:56:42.891+0530] {override.py:1911} INFO - Created Permission View: can read on DAG Run:dataset_s3_bucket_consumer
[2025-12-23T23:56:42.945+0530] {logging_mixin.py:190} INFO - [2025-12-23T23:56:42.943+0530] {override.py:1911} INFO - Created Permission View: can create on DAG Run:dataset_s3_bucket_consumer
[2025-12-23T23:56:42.995+0530] {logging_mixin.py:190} INFO - [2025-12-23T23:56:42.993+0530] {override.py:1911} INFO - Created Permission View: can delete on DAG Run:dataset_s3_bucket_consumer
[2025-12-23T23:56:43.043+0530] {logging_mixin.py:190} INFO - [2025-12-23T23:56:43.042+0530] {override.py:1911} INFO - Created Permission View: menu access on DAG Run:dataset_s3_bucket_consumer
[2025-12-23T23:56:43.141+0530] {logging_mixin.py:190} INFO - [2025-12-23T23:56:43.139+0530] {override.py:1911} INFO - Created Permission View: can read on DAG:dataset_s3_bucket_producer
[2025-12-23T23:56:43.196+0530] {logging_mixin.py:190} INFO - [2025-12-23T23:56:43.194+0530] {override.py:1911} INFO - Created Permission View: can edit on DAG:dataset_s3_bucket_producer
[2025-12-23T23:56:43.246+0530] {logging_mixin.py:190} INFO - [2025-12-23T23:56:43.244+0530] {override.py:1911} INFO - Created Permission View: can delete on DAG:dataset_s3_bucket_producer
[2025-12-23T23:56:43.328+0530] {logging_mixin.py:190} INFO - [2025-12-23T23:56:43.327+0530] {override.py:1911} INFO - Created Permission View: can read on DAG Run:dataset_s3_bucket_producer
[2025-12-23T23:56:43.379+0530] {logging_mixin.py:190} INFO - [2025-12-23T23:56:43.377+0530] {override.py:1911} INFO - Created Permission View: can create on DAG Run:dataset_s3_bucket_producer
[2025-12-23T23:56:43.441+0530] {logging_mixin.py:190} INFO - [2025-12-23T23:56:43.439+0530] {override.py:1911} INFO - Created Permission View: can delete on DAG Run:dataset_s3_bucket_producer
[2025-12-23T23:56:43.504+0530] {logging_mixin.py:190} INFO - [2025-12-23T23:56:43.502+0530] {override.py:1911} INFO - Created Permission View: menu access on DAG Run:dataset_s3_bucket_producer
[2025-12-23T23:56:43.660+0530] {logging_mixin.py:190} INFO - [2025-12-23T23:56:43.658+0530] {override.py:1911} INFO - Created Permission View: can read on DAG:dataset_alias_example_alias_producer
[2025-12-23T23:56:43.736+0530] {logging_mixin.py:190} INFO - [2025-12-23T23:56:43.734+0530] {override.py:1911} INFO - Created Permission View: can edit on DAG:dataset_alias_example_alias_producer
[2025-12-23T23:56:43.793+0530] {logging_mixin.py:190} INFO - [2025-12-23T23:56:43.791+0530] {override.py:1911} INFO - Created Permission View: can delete on DAG:dataset_alias_example_alias_producer
[2025-12-23T23:56:43.884+0530] {logging_mixin.py:190} INFO - [2025-12-23T23:56:43.881+0530] {override.py:1911} INFO - Created Permission View: can read on DAG Run:dataset_alias_example_alias_producer
[2025-12-23T23:56:43.951+0530] {logging_mixin.py:190} INFO - [2025-12-23T23:56:43.949+0530] {override.py:1911} INFO - Created Permission View: can create on DAG Run:dataset_alias_example_alias_producer
[2025-12-23T23:56:44.011+0530] {logging_mixin.py:190} INFO - [2025-12-23T23:56:44.009+0530] {override.py:1911} INFO - Created Permission View: can delete on DAG Run:dataset_alias_example_alias_producer
[2025-12-23T23:56:44.067+0530] {logging_mixin.py:190} INFO - [2025-12-23T23:56:44.065+0530] {override.py:1911} INFO - Created Permission View: menu access on DAG Run:dataset_alias_example_alias_producer
[2025-12-23T23:56:44.169+0530] {logging_mixin.py:190} INFO - [2025-12-23T23:56:44.167+0530] {override.py:1911} INFO - Created Permission View: can read on DAG:dataset_alias_example_alias_consumer
[2025-12-23T23:56:44.218+0530] {logging_mixin.py:190} INFO - [2025-12-23T23:56:44.216+0530] {override.py:1911} INFO - Created Permission View: can edit on DAG:dataset_alias_example_alias_consumer
[2025-12-23T23:56:44.273+0530] {logging_mixin.py:190} INFO - [2025-12-23T23:56:44.272+0530] {override.py:1911} INFO - Created Permission View: can delete on DAG:dataset_alias_example_alias_consumer
[2025-12-23T23:56:44.355+0530] {logging_mixin.py:190} INFO - [2025-12-23T23:56:44.353+0530] {override.py:1911} INFO - Created Permission View: can read on DAG Run:dataset_alias_example_alias_consumer
[2025-12-23T23:56:44.405+0530] {logging_mixin.py:190} INFO - [2025-12-23T23:56:44.403+0530] {override.py:1911} INFO - Created Permission View: can create on DAG Run:dataset_alias_example_alias_consumer
[2025-12-23T23:56:44.457+0530] {logging_mixin.py:190} INFO - [2025-12-23T23:56:44.455+0530] {override.py:1911} INFO - Created Permission View: can delete on DAG Run:dataset_alias_example_alias_consumer
[2025-12-23T23:56:44.512+0530] {logging_mixin.py:190} INFO - [2025-12-23T23:56:44.510+0530] {override.py:1911} INFO - Created Permission View: menu access on DAG Run:dataset_alias_example_alias_consumer
[2025-12-23T23:56:44.515+0530] {logging_mixin.py:190} INFO - [2025-12-23T23:56:44.514+0530] {dag.py:3239} INFO - Sync 4 DAGs
[2025-12-23T23:56:44.538+0530] {logging_mixin.py:190} INFO - [2025-12-23T23:56:44.537+0530] {dag.py:3262} INFO - Creating ORM DAG for dataset_s3_bucket_consumer
[2025-12-23T23:56:44.541+0530] {logging_mixin.py:190} INFO - [2025-12-23T23:56:44.540+0530] {dag.py:3262} INFO - Creating ORM DAG for dataset_alias_example_alias_producer
[2025-12-23T23:56:44.544+0530] {logging_mixin.py:190} INFO - [2025-12-23T23:56:44.542+0530] {dag.py:3262} INFO - Creating ORM DAG for dataset_alias_example_alias_consumer
[2025-12-23T23:56:44.546+0530] {logging_mixin.py:190} INFO - [2025-12-23T23:56:44.546+0530] {dag.py:3262} INFO - Creating ORM DAG for dataset_s3_bucket_producer
[2025-12-23T23:56:44.563+0530] {logging_mixin.py:190} INFO - [2025-12-23T23:56:44.561+0530] {dag.py:4180} INFO - Setting next_dagrun for dataset_alias_example_alias_consumer to None, run_after=None
[2025-12-23T23:56:44.567+0530] {logging_mixin.py:190} INFO - [2025-12-23T23:56:44.565+0530] {dag.py:4180} INFO - Setting next_dagrun for dataset_alias_example_alias_producer to None, run_after=None
[2025-12-23T23:56:44.570+0530] {logging_mixin.py:190} INFO - [2025-12-23T23:56:44.569+0530] {dag.py:4180} INFO - Setting next_dagrun for dataset_s3_bucket_consumer to None, run_after=None
[2025-12-23T23:56:44.573+0530] {logging_mixin.py:190} INFO - [2025-12-23T23:56:44.572+0530] {dag.py:4180} INFO - Setting next_dagrun for dataset_s3_bucket_producer to None, run_after=None
[2025-12-23T23:56:44.678+0530] {processor.py:208} INFO - Processing /mnt/d/Courses/_Zuu Crew/Build Production-Ready Machine Learning Systems - Zuu Crew/_Programming/customer_churn_prediction/.venv/lib/python3.12/site-packages/airflow/example_dags/example_dataset_alias.py took 3.478 seconds
