[2025-12-23T23:54:48.604+0530] {processor.py:186} INFO - Started process (PID=1615) to work on /mnt/d/Courses/_Zuu Crew/Build Production-Ready Machine Learning Systems - Zuu Crew/_Programming/customer_churn_prediction/.venv/lib/python3.12/site-packages/airflow/example_dags/example_xcomargs.py
[2025-12-23T23:54:48.607+0530] {processor.py:914} INFO - Processing file /mnt/d/Courses/_Zuu Crew/Build Production-Ready Machine Learning Systems - Zuu Crew/_Programming/customer_churn_prediction/.venv/lib/python3.12/site-packages/airflow/example_dags/example_xcomargs.py for tasks to queue
[2025-12-23T23:54:48.611+0530] {logging_mixin.py:190} INFO - [2025-12-23T23:54:48.609+0530] {dagbag.py:588} INFO - Filling up the DagBag from /mnt/d/Courses/_Zuu Crew/Build Production-Ready Machine Learning Systems - Zuu Crew/_Programming/customer_churn_prediction/.venv/lib/python3.12/site-packages/airflow/example_dags/example_xcomargs.py
[2025-12-23T23:54:48.711+0530] {processor.py:925} INFO - DAG(s) 'example_xcom_args_with_operators', 'example_xcom_args' retrieved from /mnt/d/Courses/_Zuu Crew/Build Production-Ready Machine Learning Systems - Zuu Crew/_Programming/customer_churn_prediction/.venv/lib/python3.12/site-packages/airflow/example_dags/example_xcomargs.py
[2025-12-23T23:54:50.127+0530] {logging_mixin.py:190} INFO - [2025-12-23T23:54:50.125+0530] {override.py:1911} INFO - Created Permission View: can read on DAG:example_xcom_args_with_operators
[2025-12-23T23:54:50.179+0530] {logging_mixin.py:190} INFO - [2025-12-23T23:54:50.177+0530] {override.py:1911} INFO - Created Permission View: can edit on DAG:example_xcom_args_with_operators
[2025-12-23T23:54:50.227+0530] {logging_mixin.py:190} INFO - [2025-12-23T23:54:50.225+0530] {override.py:1911} INFO - Created Permission View: can delete on DAG:example_xcom_args_with_operators
[2025-12-23T23:54:50.299+0530] {logging_mixin.py:190} INFO - [2025-12-23T23:54:50.298+0530] {override.py:1911} INFO - Created Permission View: can read on DAG Run:example_xcom_args_with_operators
[2025-12-23T23:54:50.344+0530] {logging_mixin.py:190} INFO - [2025-12-23T23:54:50.342+0530] {override.py:1911} INFO - Created Permission View: can create on DAG Run:example_xcom_args_with_operators
[2025-12-23T23:54:50.389+0530] {logging_mixin.py:190} INFO - [2025-12-23T23:54:50.388+0530] {override.py:1911} INFO - Created Permission View: can delete on DAG Run:example_xcom_args_with_operators
[2025-12-23T23:54:50.438+0530] {logging_mixin.py:190} INFO - [2025-12-23T23:54:50.437+0530] {override.py:1911} INFO - Created Permission View: menu access on DAG Run:example_xcom_args_with_operators
[2025-12-23T23:54:50.523+0530] {logging_mixin.py:190} INFO - [2025-12-23T23:54:50.521+0530] {override.py:1911} INFO - Created Permission View: can read on DAG:example_xcom_args
[2025-12-23T23:54:50.570+0530] {logging_mixin.py:190} INFO - [2025-12-23T23:54:50.568+0530] {override.py:1911} INFO - Created Permission View: can edit on DAG:example_xcom_args
[2025-12-23T23:54:50.614+0530] {logging_mixin.py:190} INFO - [2025-12-23T23:54:50.612+0530] {override.py:1911} INFO - Created Permission View: can delete on DAG:example_xcom_args
[2025-12-23T23:54:50.690+0530] {logging_mixin.py:190} INFO - [2025-12-23T23:54:50.688+0530] {override.py:1911} INFO - Created Permission View: can read on DAG Run:example_xcom_args
[2025-12-23T23:54:50.747+0530] {logging_mixin.py:190} INFO - [2025-12-23T23:54:50.745+0530] {override.py:1911} INFO - Created Permission View: can create on DAG Run:example_xcom_args
[2025-12-23T23:54:50.807+0530] {logging_mixin.py:190} INFO - [2025-12-23T23:54:50.806+0530] {override.py:1911} INFO - Created Permission View: can delete on DAG Run:example_xcom_args
[2025-12-23T23:54:50.862+0530] {logging_mixin.py:190} INFO - [2025-12-23T23:54:50.861+0530] {override.py:1911} INFO - Created Permission View: menu access on DAG Run:example_xcom_args
[2025-12-23T23:54:50.864+0530] {logging_mixin.py:190} INFO - [2025-12-23T23:54:50.863+0530] {dag.py:3239} INFO - Sync 2 DAGs
[2025-12-23T23:54:50.886+0530] {logging_mixin.py:190} INFO - [2025-12-23T23:54:50.885+0530] {dag.py:3262} INFO - Creating ORM DAG for example_xcom_args_with_operators
[2025-12-23T23:54:50.888+0530] {logging_mixin.py:190} INFO - [2025-12-23T23:54:50.887+0530] {dag.py:3262} INFO - Creating ORM DAG for example_xcom_args
[2025-12-23T23:54:50.892+0530] {logging_mixin.py:190} INFO - [2025-12-23T23:54:50.891+0530] {dag.py:4180} INFO - Setting next_dagrun for example_xcom_args to None, run_after=None
[2025-12-23T23:54:50.894+0530] {logging_mixin.py:190} INFO - [2025-12-23T23:54:50.893+0530] {dag.py:4180} INFO - Setting next_dagrun for example_xcom_args_with_operators to None, run_after=None
[2025-12-23T23:54:50.974+0530] {processor.py:208} INFO - Processing /mnt/d/Courses/_Zuu Crew/Build Production-Ready Machine Learning Systems - Zuu Crew/_Programming/customer_churn_prediction/.venv/lib/python3.12/site-packages/airflow/example_dags/example_xcomargs.py took 2.383 seconds
