[2025-12-23T23:57:06.330+0530] {processor.py:186} INFO - Started process (PID=1663) to work on /mnt/d/Courses/_Zuu Crew/Build Production-Ready Machine Learning Systems - Zuu Crew/_Programming/customer_churn_prediction/.venv/lib/python3.12/site-packages/airflow/example_dags/example_branch_datetime_operator.py
[2025-12-23T23:57:06.332+0530] {processor.py:914} INFO - Processing file /mnt/d/Courses/_Zuu Crew/Build Production-Ready Machine Learning Systems - Zuu Crew/_Programming/customer_churn_prediction/.venv/lib/python3.12/site-packages/airflow/example_dags/example_branch_datetime_operator.py for tasks to queue
[2025-12-23T23:57:06.337+0530] {logging_mixin.py:190} INFO - [2025-12-23T23:57:06.335+0530] {dagbag.py:588} INFO - Filling up the DagBag from /mnt/d/Courses/_Zuu Crew/Build Production-Ready Machine Learning Systems - Zuu Crew/_Programming/customer_churn_prediction/.venv/lib/python3.12/site-packages/airflow/example_dags/example_branch_datetime_operator.py
[2025-12-23T23:57:06.438+0530] {processor.py:925} INFO - DAG(s) 'example_branch_datetime_operator_2', 'example_branch_datetime_operator', 'example_branch_datetime_operator_3' retrieved from /mnt/d/Courses/_Zuu Crew/Build Production-Ready Machine Learning Systems - Zuu Crew/_Programming/customer_churn_prediction/.venv/lib/python3.12/site-packages/airflow/example_dags/example_branch_datetime_operator.py
[2025-12-23T23:57:07.869+0530] {logging_mixin.py:190} INFO - [2025-12-23T23:57:07.867+0530] {override.py:1911} INFO - Created Permission View: can read on DAG:example_branch_datetime_operator_2
[2025-12-23T23:57:07.924+0530] {logging_mixin.py:190} INFO - [2025-12-23T23:57:07.922+0530] {override.py:1911} INFO - Created Permission View: can edit on DAG:example_branch_datetime_operator_2
[2025-12-23T23:57:07.974+0530] {logging_mixin.py:190} INFO - [2025-12-23T23:57:07.971+0530] {override.py:1911} INFO - Created Permission View: can delete on DAG:example_branch_datetime_operator_2
[2025-12-23T23:57:08.063+0530] {logging_mixin.py:190} INFO - [2025-12-23T23:57:08.060+0530] {override.py:1911} INFO - Created Permission View: can read on DAG Run:example_branch_datetime_operator_2
[2025-12-23T23:57:08.116+0530] {logging_mixin.py:190} INFO - [2025-12-23T23:57:08.114+0530] {override.py:1911} INFO - Created Permission View: can create on DAG Run:example_branch_datetime_operator_2
[2025-12-23T23:57:08.171+0530] {logging_mixin.py:190} INFO - [2025-12-23T23:57:08.170+0530] {override.py:1911} INFO - Created Permission View: can delete on DAG Run:example_branch_datetime_operator_2
[2025-12-23T23:57:08.228+0530] {logging_mixin.py:190} INFO - [2025-12-23T23:57:08.227+0530] {override.py:1911} INFO - Created Permission View: menu access on DAG Run:example_branch_datetime_operator_2
[2025-12-23T23:57:08.336+0530] {logging_mixin.py:190} INFO - [2025-12-23T23:57:08.334+0530] {override.py:1911} INFO - Created Permission View: can read on DAG:example_branch_datetime_operator
[2025-12-23T23:57:08.388+0530] {logging_mixin.py:190} INFO - [2025-12-23T23:57:08.386+0530] {override.py:1911} INFO - Created Permission View: can edit on DAG:example_branch_datetime_operator
[2025-12-23T23:57:08.441+0530] {logging_mixin.py:190} INFO - [2025-12-23T23:57:08.439+0530] {override.py:1911} INFO - Created Permission View: can delete on DAG:example_branch_datetime_operator
[2025-12-23T23:57:08.519+0530] {logging_mixin.py:190} INFO - [2025-12-23T23:57:08.518+0530] {override.py:1911} INFO - Created Permission View: can read on DAG Run:example_branch_datetime_operator
[2025-12-23T23:57:08.567+0530] {logging_mixin.py:190} INFO - [2025-12-23T23:57:08.565+0530] {override.py:1911} INFO - Created Permission View: can create on DAG Run:example_branch_datetime_operator
[2025-12-23T23:57:08.620+0530] {logging_mixin.py:190} INFO - [2025-12-23T23:57:08.619+0530] {override.py:1911} INFO - Created Permission View: can delete on DAG Run:example_branch_datetime_operator
[2025-12-23T23:57:08.665+0530] {logging_mixin.py:190} INFO - [2025-12-23T23:57:08.663+0530] {override.py:1911} INFO - Created Permission View: menu access on DAG Run:example_branch_datetime_operator
[2025-12-23T23:57:08.755+0530] {logging_mixin.py:190} INFO - [2025-12-23T23:57:08.754+0530] {override.py:1911} INFO - Created Permission View: can read on DAG:example_branch_datetime_operator_3
[2025-12-23T23:57:08.802+0530] {logging_mixin.py:190} INFO - [2025-12-23T23:57:08.800+0530] {override.py:1911} INFO - Created Permission View: can edit on DAG:example_branch_datetime_operator_3
[2025-12-23T23:57:08.856+0530] {logging_mixin.py:190} INFO - [2025-12-23T23:57:08.855+0530] {override.py:1911} INFO - Created Permission View: can delete on DAG:example_branch_datetime_operator_3
[2025-12-23T23:57:08.978+0530] {logging_mixin.py:190} INFO - [2025-12-23T23:57:08.977+0530] {override.py:1911} INFO - Created Permission View: can read on DAG Run:example_branch_datetime_operator_3
[2025-12-23T23:57:09.032+0530] {logging_mixin.py:190} INFO - [2025-12-23T23:57:09.030+0530] {override.py:1911} INFO - Created Permission View: can create on DAG Run:example_branch_datetime_operator_3
[2025-12-23T23:57:09.081+0530] {logging_mixin.py:190} INFO - [2025-12-23T23:57:09.079+0530] {override.py:1911} INFO - Created Permission View: can delete on DAG Run:example_branch_datetime_operator_3
[2025-12-23T23:57:09.129+0530] {logging_mixin.py:190} INFO - [2025-12-23T23:57:09.128+0530] {override.py:1911} INFO - Created Permission View: menu access on DAG Run:example_branch_datetime_operator_3
[2025-12-23T23:57:09.132+0530] {logging_mixin.py:190} INFO - [2025-12-23T23:57:09.131+0530] {dag.py:3239} INFO - Sync 3 DAGs
[2025-12-23T23:57:09.155+0530] {logging_mixin.py:190} INFO - [2025-12-23T23:57:09.153+0530] {dag.py:3262} INFO - Creating ORM DAG for example_branch_datetime_operator_2
[2025-12-23T23:57:09.158+0530] {logging_mixin.py:190} INFO - [2025-12-23T23:57:09.157+0530] {dag.py:3262} INFO - Creating ORM DAG for example_branch_datetime_operator_3
[2025-12-23T23:57:09.160+0530] {logging_mixin.py:190} INFO - [2025-12-23T23:57:09.159+0530] {dag.py:3262} INFO - Creating ORM DAG for example_branch_datetime_operator
[2025-12-23T23:57:09.178+0530] {logging_mixin.py:190} INFO - [2025-12-23T23:57:09.177+0530] {dag.py:4180} INFO - Setting next_dagrun for example_branch_datetime_operator to 2025-12-22 00:00:00+00:00, run_after=2025-12-23 00:00:00+00:00
[2025-12-23T23:57:09.182+0530] {logging_mixin.py:190} INFO - [2025-12-23T23:57:09.181+0530] {dag.py:4180} INFO - Setting next_dagrun for example_branch_datetime_operator_2 to 2025-12-22 00:00:00+00:00, run_after=2025-12-23 00:00:00+00:00
[2025-12-23T23:57:09.186+0530] {logging_mixin.py:190} INFO - [2025-12-23T23:57:09.185+0530] {dag.py:4180} INFO - Setting next_dagrun for example_branch_datetime_operator_3 to 2025-12-22 00:00:00+00:00, run_after=2025-12-23 00:00:00+00:00
[2025-12-23T23:57:09.267+0530] {processor.py:208} INFO - Processing /mnt/d/Courses/_Zuu Crew/Build Production-Ready Machine Learning Systems - Zuu Crew/_Programming/customer_churn_prediction/.venv/lib/python3.12/site-packages/airflow/example_dags/example_branch_datetime_operator.py took 2.949 seconds
