[2025-12-23T23:55:18.257+0530] {processor.py:186} INFO - Started process (PID=1629) to work on /mnt/d/Courses/_Zuu Crew/Build Production-Ready Machine Learning Systems - Zuu Crew/_Programming/customer_churn_prediction/.venv/lib/python3.12/site-packages/airflow/example_dags/example_sla_dag.py
[2025-12-23T23:55:18.261+0530] {processor.py:914} INFO - Processing file /mnt/d/Courses/_Zuu Crew/Build Production-Ready Machine Learning Systems - Zuu Crew/_Programming/customer_churn_prediction/.venv/lib/python3.12/site-packages/airflow/example_dags/example_sla_dag.py for tasks to queue
[2025-12-23T23:55:18.266+0530] {logging_mixin.py:190} INFO - [2025-12-23T23:55:18.264+0530] {dagbag.py:588} INFO - Filling up the DagBag from /mnt/d/Courses/_Zuu Crew/Build Production-Ready Machine Learning Systems - Zuu Crew/_Programming/customer_churn_prediction/.venv/lib/python3.12/site-packages/airflow/example_dags/example_sla_dag.py
[2025-12-23T23:55:18.348+0530] {processor.py:925} INFO - DAG(s) 'example_sla_dag' retrieved from /mnt/d/Courses/_Zuu Crew/Build Production-Ready Machine Learning Systems - Zuu Crew/_Programming/customer_churn_prediction/.venv/lib/python3.12/site-packages/airflow/example_dags/example_sla_dag.py
[2025-12-23T23:55:19.631+0530] {logging_mixin.py:190} INFO - [2025-12-23T23:55:19.629+0530] {override.py:1911} INFO - Created Permission View: can read on DAG:example_sla_dag
[2025-12-23T23:55:19.680+0530] {logging_mixin.py:190} INFO - [2025-12-23T23:55:19.678+0530] {override.py:1911} INFO - Created Permission View: can edit on DAG:example_sla_dag
[2025-12-23T23:55:19.723+0530] {logging_mixin.py:190} INFO - [2025-12-23T23:55:19.722+0530] {override.py:1911} INFO - Created Permission View: can delete on DAG:example_sla_dag
[2025-12-23T23:55:19.803+0530] {logging_mixin.py:190} INFO - [2025-12-23T23:55:19.802+0530] {override.py:1911} INFO - Created Permission View: can read on DAG Run:example_sla_dag
[2025-12-23T23:55:19.846+0530] {logging_mixin.py:190} INFO - [2025-12-23T23:55:19.844+0530] {override.py:1911} INFO - Created Permission View: can create on DAG Run:example_sla_dag
[2025-12-23T23:55:19.894+0530] {logging_mixin.py:190} INFO - [2025-12-23T23:55:19.892+0530] {override.py:1911} INFO - Created Permission View: can delete on DAG Run:example_sla_dag
[2025-12-23T23:55:19.939+0530] {logging_mixin.py:190} INFO - [2025-12-23T23:55:19.937+0530] {override.py:1911} INFO - Created Permission View: menu access on DAG Run:example_sla_dag
[2025-12-23T23:55:19.942+0530] {logging_mixin.py:190} INFO - [2025-12-23T23:55:19.940+0530] {dag.py:3239} INFO - Sync 1 DAGs
[2025-12-23T23:55:19.963+0530] {logging_mixin.py:190} INFO - [2025-12-23T23:55:19.961+0530] {dag.py:3262} INFO - Creating ORM DAG for example_sla_dag
[2025-12-23T23:55:20.005+0530] {logging_mixin.py:190} INFO - [2025-12-23T23:55:20.004+0530] {dag.py:4180} INFO - Setting next_dagrun for example_sla_dag to 2025-12-23 18:22:00+00:00, run_after=2025-12-23 18:24:00+00:00
[2025-12-23T23:55:20.076+0530] {processor.py:208} INFO - Processing /mnt/d/Courses/_Zuu Crew/Build Production-Ready Machine Learning Systems - Zuu Crew/_Programming/customer_churn_prediction/.venv/lib/python3.12/site-packages/airflow/example_dags/example_sla_dag.py took 1.834 seconds
[2025-12-23T23:57:46.842+0530] {processor.py:186} INFO - Started process (PID=1689) to work on /mnt/d/Courses/_Zuu Crew/Build Production-Ready Machine Learning Systems - Zuu Crew/_Programming/customer_churn_prediction/.venv/lib/python3.12/site-packages/airflow/example_dags/example_sla_dag.py
[2025-12-23T23:57:46.844+0530] {processor.py:914} INFO - Processing file /mnt/d/Courses/_Zuu Crew/Build Production-Ready Machine Learning Systems - Zuu Crew/_Programming/customer_churn_prediction/.venv/lib/python3.12/site-packages/airflow/example_dags/example_sla_dag.py for tasks to queue
[2025-12-23T23:57:46.849+0530] {logging_mixin.py:190} INFO - [2025-12-23T23:57:46.847+0530] {dagbag.py:588} INFO - Filling up the DagBag from /mnt/d/Courses/_Zuu Crew/Build Production-Ready Machine Learning Systems - Zuu Crew/_Programming/customer_churn_prediction/.venv/lib/python3.12/site-packages/airflow/example_dags/example_sla_dag.py
[2025-12-23T23:57:46.925+0530] {processor.py:925} INFO - DAG(s) 'example_sla_dag' retrieved from /mnt/d/Courses/_Zuu Crew/Build Production-Ready Machine Learning Systems - Zuu Crew/_Programming/customer_churn_prediction/.venv/lib/python3.12/site-packages/airflow/example_dags/example_sla_dag.py
[2025-12-23T23:57:46.954+0530] {logging_mixin.py:190} INFO - [2025-12-23T23:57:46.952+0530] {dag.py:3239} INFO - Sync 1 DAGs
[2025-12-23T23:57:46.993+0530] {logging_mixin.py:190} INFO - [2025-12-23T23:57:46.992+0530] {dag.py:4180} INFO - Setting next_dagrun for example_sla_dag to 2025-12-23 18:24:00+00:00, run_after=2025-12-23 18:26:00+00:00
[2025-12-23T23:57:47.070+0530] {processor.py:208} INFO - Processing /mnt/d/Courses/_Zuu Crew/Build Production-Ready Machine Learning Systems - Zuu Crew/_Programming/customer_churn_prediction/.venv/lib/python3.12/site-packages/airflow/example_dags/example_sla_dag.py took 0.241 seconds
