[2025-12-23T23:56:17.409+0530] {processor.py:186} INFO - Started process (PID=1649) to work on /mnt/d/Courses/_Zuu Crew/Build Production-Ready Machine Learning Systems - Zuu Crew/_Programming/customer_churn_prediction/.venv/lib/python3.12/site-packages/airflow/example_dags/example_external_task_marker_dag.py
[2025-12-23T23:56:17.411+0530] {processor.py:914} INFO - Processing file /mnt/d/Courses/_Zuu Crew/Build Production-Ready Machine Learning Systems - Zuu Crew/_Programming/customer_churn_prediction/.venv/lib/python3.12/site-packages/airflow/example_dags/example_external_task_marker_dag.py for tasks to queue
[2025-12-23T23:56:17.415+0530] {logging_mixin.py:190} INFO - [2025-12-23T23:56:17.414+0530] {dagbag.py:588} INFO - Filling up the DagBag from /mnt/d/Courses/_Zuu Crew/Build Production-Ready Machine Learning Systems - Zuu Crew/_Programming/customer_churn_prediction/.venv/lib/python3.12/site-packages/airflow/example_dags/example_external_task_marker_dag.py
[2025-12-23T23:56:17.483+0530] {processor.py:925} INFO - DAG(s) 'example_external_task_marker_child', 'example_external_task_marker_parent' retrieved from /mnt/d/Courses/_Zuu Crew/Build Production-Ready Machine Learning Systems - Zuu Crew/_Programming/customer_churn_prediction/.venv/lib/python3.12/site-packages/airflow/example_dags/example_external_task_marker_dag.py
[2025-12-23T23:56:18.689+0530] {logging_mixin.py:190} INFO - [2025-12-23T23:56:18.687+0530] {override.py:1911} INFO - Created Permission View: can read on DAG:example_external_task_marker_child
[2025-12-23T23:56:18.736+0530] {logging_mixin.py:190} INFO - [2025-12-23T23:56:18.734+0530] {override.py:1911} INFO - Created Permission View: can edit on DAG:example_external_task_marker_child
[2025-12-23T23:56:18.783+0530] {logging_mixin.py:190} INFO - [2025-12-23T23:56:18.782+0530] {override.py:1911} INFO - Created Permission View: can delete on DAG:example_external_task_marker_child
[2025-12-23T23:56:18.863+0530] {logging_mixin.py:190} INFO - [2025-12-23T23:56:18.862+0530] {override.py:1911} INFO - Created Permission View: can read on DAG Run:example_external_task_marker_child
[2025-12-23T23:56:18.909+0530] {logging_mixin.py:190} INFO - [2025-12-23T23:56:18.907+0530] {override.py:1911} INFO - Created Permission View: can create on DAG Run:example_external_task_marker_child
[2025-12-23T23:56:18.955+0530] {logging_mixin.py:190} INFO - [2025-12-23T23:56:18.953+0530] {override.py:1911} INFO - Created Permission View: can delete on DAG Run:example_external_task_marker_child
[2025-12-23T23:56:19.025+0530] {logging_mixin.py:190} INFO - [2025-12-23T23:56:19.023+0530] {override.py:1911} INFO - Created Permission View: menu access on DAG Run:example_external_task_marker_child
[2025-12-23T23:56:19.116+0530] {logging_mixin.py:190} INFO - [2025-12-23T23:56:19.115+0530] {override.py:1911} INFO - Created Permission View: can read on DAG:example_external_task_marker_parent
[2025-12-23T23:56:19.162+0530] {logging_mixin.py:190} INFO - [2025-12-23T23:56:19.160+0530] {override.py:1911} INFO - Created Permission View: can edit on DAG:example_external_task_marker_parent
[2025-12-23T23:56:19.212+0530] {logging_mixin.py:190} INFO - [2025-12-23T23:56:19.210+0530] {override.py:1911} INFO - Created Permission View: can delete on DAG:example_external_task_marker_parent
[2025-12-23T23:56:19.298+0530] {logging_mixin.py:190} INFO - [2025-12-23T23:56:19.296+0530] {override.py:1911} INFO - Created Permission View: can read on DAG Run:example_external_task_marker_parent
[2025-12-23T23:56:19.348+0530] {logging_mixin.py:190} INFO - [2025-12-23T23:56:19.347+0530] {override.py:1911} INFO - Created Permission View: can create on DAG Run:example_external_task_marker_parent
[2025-12-23T23:56:19.403+0530] {logging_mixin.py:190} INFO - [2025-12-23T23:56:19.401+0530] {override.py:1911} INFO - Created Permission View: can delete on DAG Run:example_external_task_marker_parent
[2025-12-23T23:56:19.458+0530] {logging_mixin.py:190} INFO - [2025-12-23T23:56:19.456+0530] {override.py:1911} INFO - Created Permission View: menu access on DAG Run:example_external_task_marker_parent
[2025-12-23T23:56:19.461+0530] {logging_mixin.py:190} INFO - [2025-12-23T23:56:19.460+0530] {dag.py:3239} INFO - Sync 2 DAGs
[2025-12-23T23:56:19.488+0530] {logging_mixin.py:190} INFO - [2025-12-23T23:56:19.486+0530] {dag.py:3262} INFO - Creating ORM DAG for example_external_task_marker_child
[2025-12-23T23:56:19.492+0530] {logging_mixin.py:190} INFO - [2025-12-23T23:56:19.491+0530] {dag.py:3262} INFO - Creating ORM DAG for example_external_task_marker_parent
[2025-12-23T23:56:19.495+0530] {logging_mixin.py:190} INFO - [2025-12-23T23:56:19.494+0530] {dag.py:4180} INFO - Setting next_dagrun for example_external_task_marker_child to None, run_after=None
[2025-12-23T23:56:19.498+0530] {logging_mixin.py:190} INFO - [2025-12-23T23:56:19.497+0530] {dag.py:4180} INFO - Setting next_dagrun for example_external_task_marker_parent to None, run_after=None
[2025-12-23T23:56:19.588+0530] {processor.py:208} INFO - Processing /mnt/d/Courses/_Zuu Crew/Build Production-Ready Machine Learning Systems - Zuu Crew/_Programming/customer_churn_prediction/.venv/lib/python3.12/site-packages/airflow/example_dags/example_external_task_marker_dag.py took 2.192 seconds
