[2025-12-23T23:55:59.689+0530] {processor.py:186} INFO - Started process (PID=1642) to work on /mnt/d/Courses/_Zuu Crew/Build Production-Ready Machine Learning Systems - Zuu Crew/_Programming/customer_churn_prediction/.venv/lib/python3.12/site-packages/airflow/example_dags/example_outlet_event_extra.py
[2025-12-23T23:55:59.691+0530] {processor.py:914} INFO - Processing file /mnt/d/Courses/_Zuu Crew/Build Production-Ready Machine Learning Systems - Zuu Crew/_Programming/customer_churn_prediction/.venv/lib/python3.12/site-packages/airflow/example_dags/example_outlet_event_extra.py for tasks to queue
[2025-12-23T23:55:59.695+0530] {logging_mixin.py:190} INFO - [2025-12-23T23:55:59.694+0530] {dagbag.py:588} INFO - Filling up the DagBag from /mnt/d/Courses/_Zuu Crew/Build Production-Ready Machine Learning Systems - Zuu Crew/_Programming/customer_churn_prediction/.venv/lib/python3.12/site-packages/airflow/example_dags/example_outlet_event_extra.py
[2025-12-23T23:55:59.878+0530] {processor.py:925} INFO - DAG(s) 'dataset_with_extra_by_yield', 'dataset_with_extra_from_classic_operator', 'dataset_with_extra_by_context' retrieved from /mnt/d/Courses/_Zuu Crew/Build Production-Ready Machine Learning Systems - Zuu Crew/_Programming/customer_churn_prediction/.venv/lib/python3.12/site-packages/airflow/example_dags/example_outlet_event_extra.py
[2025-12-23T23:56:01.449+0530] {logging_mixin.py:190} INFO - [2025-12-23T23:56:01.448+0530] {override.py:1911} INFO - Created Permission View: can read on DAG:dataset_with_extra_by_yield
[2025-12-23T23:56:01.523+0530] {logging_mixin.py:190} INFO - [2025-12-23T23:56:01.522+0530] {override.py:1911} INFO - Created Permission View: can edit on DAG:dataset_with_extra_by_yield
[2025-12-23T23:56:01.576+0530] {logging_mixin.py:190} INFO - [2025-12-23T23:56:01.575+0530] {override.py:1911} INFO - Created Permission View: can delete on DAG:dataset_with_extra_by_yield
[2025-12-23T23:56:01.659+0530] {logging_mixin.py:190} INFO - [2025-12-23T23:56:01.657+0530] {override.py:1911} INFO - Created Permission View: can read on DAG Run:dataset_with_extra_by_yield
[2025-12-23T23:56:01.706+0530] {logging_mixin.py:190} INFO - [2025-12-23T23:56:01.705+0530] {override.py:1911} INFO - Created Permission View: can create on DAG Run:dataset_with_extra_by_yield
[2025-12-23T23:56:01.752+0530] {logging_mixin.py:190} INFO - [2025-12-23T23:56:01.751+0530] {override.py:1911} INFO - Created Permission View: can delete on DAG Run:dataset_with_extra_by_yield
[2025-12-23T23:56:01.799+0530] {logging_mixin.py:190} INFO - [2025-12-23T23:56:01.797+0530] {override.py:1911} INFO - Created Permission View: menu access on DAG Run:dataset_with_extra_by_yield
[2025-12-23T23:56:01.895+0530] {logging_mixin.py:190} INFO - [2025-12-23T23:56:01.893+0530] {override.py:1911} INFO - Created Permission View: can read on DAG:dataset_with_extra_from_classic_operator
[2025-12-23T23:56:01.940+0530] {logging_mixin.py:190} INFO - [2025-12-23T23:56:01.939+0530] {override.py:1911} INFO - Created Permission View: can edit on DAG:dataset_with_extra_from_classic_operator
[2025-12-23T23:56:01.984+0530] {logging_mixin.py:190} INFO - [2025-12-23T23:56:01.983+0530] {override.py:1911} INFO - Created Permission View: can delete on DAG:dataset_with_extra_from_classic_operator
[2025-12-23T23:56:02.067+0530] {logging_mixin.py:190} INFO - [2025-12-23T23:56:02.065+0530] {override.py:1911} INFO - Created Permission View: can read on DAG Run:dataset_with_extra_from_classic_operator
[2025-12-23T23:56:02.107+0530] {logging_mixin.py:190} INFO - [2025-12-23T23:56:02.105+0530] {override.py:1911} INFO - Created Permission View: can create on DAG Run:dataset_with_extra_from_classic_operator
[2025-12-23T23:56:02.154+0530] {logging_mixin.py:190} INFO - [2025-12-23T23:56:02.152+0530] {override.py:1911} INFO - Created Permission View: can delete on DAG Run:dataset_with_extra_from_classic_operator
[2025-12-23T23:56:02.202+0530] {logging_mixin.py:190} INFO - [2025-12-23T23:56:02.201+0530] {override.py:1911} INFO - Created Permission View: menu access on DAG Run:dataset_with_extra_from_classic_operator
[2025-12-23T23:56:02.291+0530] {logging_mixin.py:190} INFO - [2025-12-23T23:56:02.288+0530] {override.py:1911} INFO - Created Permission View: can read on DAG:dataset_with_extra_by_context
[2025-12-23T23:56:02.336+0530] {logging_mixin.py:190} INFO - [2025-12-23T23:56:02.335+0530] {override.py:1911} INFO - Created Permission View: can edit on DAG:dataset_with_extra_by_context
[2025-12-23T23:56:02.380+0530] {logging_mixin.py:190} INFO - [2025-12-23T23:56:02.378+0530] {override.py:1911} INFO - Created Permission View: can delete on DAG:dataset_with_extra_by_context
[2025-12-23T23:56:02.456+0530] {logging_mixin.py:190} INFO - [2025-12-23T23:56:02.454+0530] {override.py:1911} INFO - Created Permission View: can read on DAG Run:dataset_with_extra_by_context
[2025-12-23T23:56:02.501+0530] {logging_mixin.py:190} INFO - [2025-12-23T23:56:02.500+0530] {override.py:1911} INFO - Created Permission View: can create on DAG Run:dataset_with_extra_by_context
[2025-12-23T23:56:02.545+0530] {logging_mixin.py:190} INFO - [2025-12-23T23:56:02.544+0530] {override.py:1911} INFO - Created Permission View: can delete on DAG Run:dataset_with_extra_by_context
[2025-12-23T23:56:02.588+0530] {logging_mixin.py:190} INFO - [2025-12-23T23:56:02.587+0530] {override.py:1911} INFO - Created Permission View: menu access on DAG Run:dataset_with_extra_by_context
[2025-12-23T23:56:02.590+0530] {logging_mixin.py:190} INFO - [2025-12-23T23:56:02.589+0530] {dag.py:3239} INFO - Sync 3 DAGs
[2025-12-23T23:56:02.609+0530] {logging_mixin.py:190} INFO - [2025-12-23T23:56:02.608+0530] {dag.py:3262} INFO - Creating ORM DAG for dataset_with_extra_by_context
[2025-12-23T23:56:02.611+0530] {logging_mixin.py:190} INFO - [2025-12-23T23:56:02.611+0530] {dag.py:3262} INFO - Creating ORM DAG for dataset_with_extra_from_classic_operator
[2025-12-23T23:56:02.613+0530] {logging_mixin.py:190} INFO - [2025-12-23T23:56:02.612+0530] {dag.py:3262} INFO - Creating ORM DAG for dataset_with_extra_by_yield
[2025-12-23T23:56:02.627+0530] {logging_mixin.py:190} INFO - [2025-12-23T23:56:02.625+0530] {dag.py:4180} INFO - Setting next_dagrun for dataset_with_extra_by_context to 2025-12-22 00:00:00+00:00, run_after=2025-12-23 00:00:00+00:00
[2025-12-23T23:56:02.630+0530] {logging_mixin.py:190} INFO - [2025-12-23T23:56:02.629+0530] {dag.py:4180} INFO - Setting next_dagrun for dataset_with_extra_by_yield to 2025-12-22 00:00:00+00:00, run_after=2025-12-23 00:00:00+00:00
[2025-12-23T23:56:02.634+0530] {logging_mixin.py:190} INFO - [2025-12-23T23:56:02.633+0530] {dag.py:4180} INFO - Setting next_dagrun for dataset_with_extra_from_classic_operator to 2025-12-22 00:00:00+00:00, run_after=2025-12-23 00:00:00+00:00
[2025-12-23T23:56:02.723+0530] {processor.py:208} INFO - Processing /mnt/d/Courses/_Zuu Crew/Build Production-Ready Machine Learning Systems - Zuu Crew/_Programming/customer_churn_prediction/.venv/lib/python3.12/site-packages/airflow/example_dags/example_outlet_event_extra.py took 3.048 seconds
