[2025-12-23T23:56:03.665+0530] {processor.py:186} INFO - Started process (PID=1643) to work on /mnt/d/Courses/_Zuu Crew/Build Production-Ready Machine Learning Systems - Zuu Crew/_Programming/customer_churn_prediction/.venv/lib/python3.12/site-packages/airflow/example_dags/example_nested_branch_dag.py
[2025-12-23T23:56:03.667+0530] {processor.py:914} INFO - Processing file /mnt/d/Courses/_Zuu Crew/Build Production-Ready Machine Learning Systems - Zuu Crew/_Programming/customer_churn_prediction/.venv/lib/python3.12/site-packages/airflow/example_dags/example_nested_branch_dag.py for tasks to queue
[2025-12-23T23:56:03.671+0530] {logging_mixin.py:190} INFO - [2025-12-23T23:56:03.669+0530] {dagbag.py:588} INFO - Filling up the DagBag from /mnt/d/Courses/_Zuu Crew/Build Production-Ready Machine Learning Systems - Zuu Crew/_Programming/customer_churn_prediction/.venv/lib/python3.12/site-packages/airflow/example_dags/example_nested_branch_dag.py
[2025-12-23T23:56:03.767+0530] {processor.py:925} INFO - DAG(s) 'example_nested_branch_dag' retrieved from /mnt/d/Courses/_Zuu Crew/Build Production-Ready Machine Learning Systems - Zuu Crew/_Programming/customer_churn_prediction/.venv/lib/python3.12/site-packages/airflow/example_dags/example_nested_branch_dag.py
[2025-12-23T23:56:04.929+0530] {logging_mixin.py:190} INFO - [2025-12-23T23:56:04.928+0530] {override.py:1911} INFO - Created Permission View: can read on DAG:example_nested_branch_dag
[2025-12-23T23:56:04.977+0530] {logging_mixin.py:190} INFO - [2025-12-23T23:56:04.976+0530] {override.py:1911} INFO - Created Permission View: can edit on DAG:example_nested_branch_dag
[2025-12-23T23:56:05.021+0530] {logging_mixin.py:190} INFO - [2025-12-23T23:56:05.020+0530] {override.py:1911} INFO - Created Permission View: can delete on DAG:example_nested_branch_dag
[2025-12-23T23:56:05.094+0530] {logging_mixin.py:190} INFO - [2025-12-23T23:56:05.093+0530] {override.py:1911} INFO - Created Permission View: can read on DAG Run:example_nested_branch_dag
[2025-12-23T23:56:05.139+0530] {logging_mixin.py:190} INFO - [2025-12-23T23:56:05.137+0530] {override.py:1911} INFO - Created Permission View: can create on DAG Run:example_nested_branch_dag
[2025-12-23T23:56:05.183+0530] {logging_mixin.py:190} INFO - [2025-12-23T23:56:05.181+0530] {override.py:1911} INFO - Created Permission View: can delete on DAG Run:example_nested_branch_dag
[2025-12-23T23:56:05.228+0530] {logging_mixin.py:190} INFO - [2025-12-23T23:56:05.226+0530] {override.py:1911} INFO - Created Permission View: menu access on DAG Run:example_nested_branch_dag
[2025-12-23T23:56:05.230+0530] {logging_mixin.py:190} INFO - [2025-12-23T23:56:05.229+0530] {dag.py:3239} INFO - Sync 1 DAGs
[2025-12-23T23:56:05.250+0530] {logging_mixin.py:190} INFO - [2025-12-23T23:56:05.249+0530] {dag.py:3262} INFO - Creating ORM DAG for example_nested_branch_dag
[2025-12-23T23:56:05.264+0530] {logging_mixin.py:190} INFO - [2025-12-23T23:56:05.263+0530] {dag.py:4180} INFO - Setting next_dagrun for example_nested_branch_dag to 2025-12-22 00:00:00+00:00, run_after=2025-12-23 00:00:00+00:00
[2025-12-23T23:56:05.337+0530] {processor.py:208} INFO - Processing /mnt/d/Courses/_Zuu Crew/Build Production-Ready Machine Learning Systems - Zuu Crew/_Programming/customer_churn_prediction/.venv/lib/python3.12/site-packages/airflow/example_dags/example_nested_branch_dag.py took 1.685 seconds
[2025-12-23T23:58:05.849+0530] {processor.py:186} INFO - Started process (PID=1703) to work on /mnt/d/Courses/_Zuu Crew/Build Production-Ready Machine Learning Systems - Zuu Crew/_Programming/customer_churn_prediction/.venv/lib/python3.12/site-packages/airflow/example_dags/example_nested_branch_dag.py
[2025-12-23T23:58:05.852+0530] {processor.py:914} INFO - Processing file /mnt/d/Courses/_Zuu Crew/Build Production-Ready Machine Learning Systems - Zuu Crew/_Programming/customer_churn_prediction/.venv/lib/python3.12/site-packages/airflow/example_dags/example_nested_branch_dag.py for tasks to queue
[2025-12-23T23:58:05.857+0530] {logging_mixin.py:190} INFO - [2025-12-23T23:58:05.856+0530] {dagbag.py:588} INFO - Filling up the DagBag from /mnt/d/Courses/_Zuu Crew/Build Production-Ready Machine Learning Systems - Zuu Crew/_Programming/customer_churn_prediction/.venv/lib/python3.12/site-packages/airflow/example_dags/example_nested_branch_dag.py
[2025-12-23T23:58:05.965+0530] {processor.py:925} INFO - DAG(s) 'example_nested_branch_dag' retrieved from /mnt/d/Courses/_Zuu Crew/Build Production-Ready Machine Learning Systems - Zuu Crew/_Programming/customer_churn_prediction/.venv/lib/python3.12/site-packages/airflow/example_dags/example_nested_branch_dag.py
[2025-12-23T23:58:06.020+0530] {logging_mixin.py:190} INFO - [2025-12-23T23:58:06.018+0530] {dag.py:3239} INFO - Sync 1 DAGs
[2025-12-23T23:58:06.068+0530] {logging_mixin.py:190} INFO - [2025-12-23T23:58:06.066+0530] {dag.py:4180} INFO - Setting next_dagrun for example_nested_branch_dag to 2025-12-22 00:00:00+00:00, run_after=2025-12-23 00:00:00+00:00
[2025-12-23T23:58:06.178+0530] {processor.py:208} INFO - Processing /mnt/d/Courses/_Zuu Crew/Build Production-Ready Machine Learning Systems - Zuu Crew/_Programming/customer_churn_prediction/.venv/lib/python3.12/site-packages/airflow/example_dags/example_nested_branch_dag.py took 0.344 seconds
