[2025-12-23T23:55:02.496+0530] {processor.py:186} INFO - Started process (PID=1623) to work on /mnt/d/Courses/_Zuu Crew/Build Production-Ready Machine Learning Systems - Zuu Crew/_Programming/customer_churn_prediction/.venv/lib/python3.12/site-packages/airflow/example_dags/example_trigger_controller_dag.py
[2025-12-23T23:55:02.500+0530] {processor.py:914} INFO - Processing file /mnt/d/Courses/_Zuu Crew/Build Production-Ready Machine Learning Systems - Zuu Crew/_Programming/customer_churn_prediction/.venv/lib/python3.12/site-packages/airflow/example_dags/example_trigger_controller_dag.py for tasks to queue
[2025-12-23T23:55:02.506+0530] {logging_mixin.py:190} INFO - [2025-12-23T23:55:02.505+0530] {dagbag.py:588} INFO - Filling up the DagBag from /mnt/d/Courses/_Zuu Crew/Build Production-Ready Machine Learning Systems - Zuu Crew/_Programming/customer_churn_prediction/.venv/lib/python3.12/site-packages/airflow/example_dags/example_trigger_controller_dag.py
[2025-12-23T23:55:02.595+0530] {processor.py:925} INFO - DAG(s) 'example_trigger_controller_dag' retrieved from /mnt/d/Courses/_Zuu Crew/Build Production-Ready Machine Learning Systems - Zuu Crew/_Programming/customer_churn_prediction/.venv/lib/python3.12/site-packages/airflow/example_dags/example_trigger_controller_dag.py
[2025-12-23T23:55:03.914+0530] {logging_mixin.py:190} INFO - [2025-12-23T23:55:03.911+0530] {override.py:1911} INFO - Created Permission View: can read on DAG:example_trigger_controller_dag
[2025-12-23T23:55:03.982+0530] {logging_mixin.py:190} INFO - [2025-12-23T23:55:03.979+0530] {override.py:1911} INFO - Created Permission View: can edit on DAG:example_trigger_controller_dag
[2025-12-23T23:55:04.055+0530] {logging_mixin.py:190} INFO - [2025-12-23T23:55:04.053+0530] {override.py:1911} INFO - Created Permission View: can delete on DAG:example_trigger_controller_dag
[2025-12-23T23:55:04.143+0530] {logging_mixin.py:190} INFO - [2025-12-23T23:55:04.141+0530] {override.py:1911} INFO - Created Permission View: can read on DAG Run:example_trigger_controller_dag
[2025-12-23T23:55:04.190+0530] {logging_mixin.py:190} INFO - [2025-12-23T23:55:04.189+0530] {override.py:1911} INFO - Created Permission View: can create on DAG Run:example_trigger_controller_dag
[2025-12-23T23:55:04.234+0530] {logging_mixin.py:190} INFO - [2025-12-23T23:55:04.232+0530] {override.py:1911} INFO - Created Permission View: can delete on DAG Run:example_trigger_controller_dag
[2025-12-23T23:55:04.292+0530] {logging_mixin.py:190} INFO - [2025-12-23T23:55:04.290+0530] {override.py:1911} INFO - Created Permission View: menu access on DAG Run:example_trigger_controller_dag
[2025-12-23T23:55:04.294+0530] {logging_mixin.py:190} INFO - [2025-12-23T23:55:04.293+0530] {dag.py:3239} INFO - Sync 1 DAGs
[2025-12-23T23:55:04.318+0530] {logging_mixin.py:190} INFO - [2025-12-23T23:55:04.317+0530] {dag.py:3262} INFO - Creating ORM DAG for example_trigger_controller_dag
[2025-12-23T23:55:04.333+0530] {logging_mixin.py:190} INFO - [2025-12-23T23:55:04.332+0530] {dag.py:4180} INFO - Setting next_dagrun for example_trigger_controller_dag to 2021-01-01 00:00:00+00:00, run_after=2021-01-01 00:00:00+00:00
[2025-12-23T23:55:04.410+0530] {processor.py:208} INFO - Processing /mnt/d/Courses/_Zuu Crew/Build Production-Ready Machine Learning Systems - Zuu Crew/_Programming/customer_churn_prediction/.venv/lib/python3.12/site-packages/airflow/example_dags/example_trigger_controller_dag.py took 1.929 seconds
[2025-12-23T23:57:40.754+0530] {processor.py:186} INFO - Started process (PID=1684) to work on /mnt/d/Courses/_Zuu Crew/Build Production-Ready Machine Learning Systems - Zuu Crew/_Programming/customer_churn_prediction/.venv/lib/python3.12/site-packages/airflow/example_dags/example_trigger_controller_dag.py
[2025-12-23T23:57:40.756+0530] {processor.py:914} INFO - Processing file /mnt/d/Courses/_Zuu Crew/Build Production-Ready Machine Learning Systems - Zuu Crew/_Programming/customer_churn_prediction/.venv/lib/python3.12/site-packages/airflow/example_dags/example_trigger_controller_dag.py for tasks to queue
[2025-12-23T23:57:40.760+0530] {logging_mixin.py:190} INFO - [2025-12-23T23:57:40.759+0530] {dagbag.py:588} INFO - Filling up the DagBag from /mnt/d/Courses/_Zuu Crew/Build Production-Ready Machine Learning Systems - Zuu Crew/_Programming/customer_churn_prediction/.venv/lib/python3.12/site-packages/airflow/example_dags/example_trigger_controller_dag.py
[2025-12-23T23:57:40.832+0530] {processor.py:925} INFO - DAG(s) 'example_trigger_controller_dag' retrieved from /mnt/d/Courses/_Zuu Crew/Build Production-Ready Machine Learning Systems - Zuu Crew/_Programming/customer_churn_prediction/.venv/lib/python3.12/site-packages/airflow/example_dags/example_trigger_controller_dag.py
[2025-12-23T23:57:40.866+0530] {logging_mixin.py:190} INFO - [2025-12-23T23:57:40.865+0530] {dag.py:3239} INFO - Sync 1 DAGs
[2025-12-23T23:57:40.896+0530] {logging_mixin.py:190} INFO - [2025-12-23T23:57:40.894+0530] {dag.py:4180} INFO - Setting next_dagrun for example_trigger_controller_dag to 2021-01-01 00:00:00+00:00, run_after=2021-01-01 00:00:00+00:00
[2025-12-23T23:57:40.968+0530] {processor.py:208} INFO - Processing /mnt/d/Courses/_Zuu Crew/Build Production-Ready Machine Learning Systems - Zuu Crew/_Programming/customer_churn_prediction/.venv/lib/python3.12/site-packages/airflow/example_dags/example_trigger_controller_dag.py took 0.227 seconds
