[2025-12-23T23:55:33.286+0530] {processor.py:186} INFO - Started process (PID=1634) to work on /mnt/d/Courses/_Zuu Crew/Build Production-Ready Machine Learning Systems - Zuu Crew/_Programming/customer_churn_prediction/.venv/lib/python3.12/site-packages/airflow/example_dags/example_setup_teardown.py
[2025-12-23T23:55:33.288+0530] {processor.py:914} INFO - Processing file /mnt/d/Courses/_Zuu Crew/Build Production-Ready Machine Learning Systems - Zuu Crew/_Programming/customer_churn_prediction/.venv/lib/python3.12/site-packages/airflow/example_dags/example_setup_teardown.py for tasks to queue
[2025-12-23T23:55:33.292+0530] {logging_mixin.py:190} INFO - [2025-12-23T23:55:33.291+0530] {dagbag.py:588} INFO - Filling up the DagBag from /mnt/d/Courses/_Zuu Crew/Build Production-Ready Machine Learning Systems - Zuu Crew/_Programming/customer_churn_prediction/.venv/lib/python3.12/site-packages/airflow/example_dags/example_setup_teardown.py
[2025-12-23T23:55:33.363+0530] {processor.py:925} INFO - DAG(s) 'example_setup_teardown' retrieved from /mnt/d/Courses/_Zuu Crew/Build Production-Ready Machine Learning Systems - Zuu Crew/_Programming/customer_churn_prediction/.venv/lib/python3.12/site-packages/airflow/example_dags/example_setup_teardown.py
[2025-12-23T23:55:34.789+0530] {logging_mixin.py:190} INFO - [2025-12-23T23:55:34.787+0530] {override.py:1911} INFO - Created Permission View: can read on DAG:example_setup_teardown
[2025-12-23T23:55:34.841+0530] {logging_mixin.py:190} INFO - [2025-12-23T23:55:34.840+0530] {override.py:1911} INFO - Created Permission View: can edit on DAG:example_setup_teardown
[2025-12-23T23:55:34.888+0530] {logging_mixin.py:190} INFO - [2025-12-23T23:55:34.887+0530] {override.py:1911} INFO - Created Permission View: can delete on DAG:example_setup_teardown
[2025-12-23T23:55:34.972+0530] {logging_mixin.py:190} INFO - [2025-12-23T23:55:34.970+0530] {override.py:1911} INFO - Created Permission View: can read on DAG Run:example_setup_teardown
[2025-12-23T23:55:35.015+0530] {logging_mixin.py:190} INFO - [2025-12-23T23:55:35.014+0530] {override.py:1911} INFO - Created Permission View: can create on DAG Run:example_setup_teardown
[2025-12-23T23:55:35.066+0530] {logging_mixin.py:190} INFO - [2025-12-23T23:55:35.064+0530] {override.py:1911} INFO - Created Permission View: can delete on DAG Run:example_setup_teardown
[2025-12-23T23:55:35.110+0530] {logging_mixin.py:190} INFO - [2025-12-23T23:55:35.109+0530] {override.py:1911} INFO - Created Permission View: menu access on DAG Run:example_setup_teardown
[2025-12-23T23:55:35.113+0530] {logging_mixin.py:190} INFO - [2025-12-23T23:55:35.112+0530] {dag.py:3239} INFO - Sync 1 DAGs
[2025-12-23T23:55:35.135+0530] {logging_mixin.py:190} INFO - [2025-12-23T23:55:35.134+0530] {dag.py:3262} INFO - Creating ORM DAG for example_setup_teardown
[2025-12-23T23:55:35.138+0530] {logging_mixin.py:190} INFO - [2025-12-23T23:55:35.137+0530] {dag.py:4180} INFO - Setting next_dagrun for example_setup_teardown to None, run_after=None
[2025-12-23T23:55:35.220+0530] {processor.py:208} INFO - Processing /mnt/d/Courses/_Zuu Crew/Build Production-Ready Machine Learning Systems - Zuu Crew/_Programming/customer_churn_prediction/.venv/lib/python3.12/site-packages/airflow/example_dags/example_setup_teardown.py took 1.946 seconds
[2025-12-23T23:57:53.749+0530] {processor.py:186} INFO - Started process (PID=1694) to work on /mnt/d/Courses/_Zuu Crew/Build Production-Ready Machine Learning Systems - Zuu Crew/_Programming/customer_churn_prediction/.venv/lib/python3.12/site-packages/airflow/example_dags/example_setup_teardown.py
[2025-12-23T23:57:53.751+0530] {processor.py:914} INFO - Processing file /mnt/d/Courses/_Zuu Crew/Build Production-Ready Machine Learning Systems - Zuu Crew/_Programming/customer_churn_prediction/.venv/lib/python3.12/site-packages/airflow/example_dags/example_setup_teardown.py for tasks to queue
[2025-12-23T23:57:53.756+0530] {logging_mixin.py:190} INFO - [2025-12-23T23:57:53.755+0530] {dagbag.py:588} INFO - Filling up the DagBag from /mnt/d/Courses/_Zuu Crew/Build Production-Ready Machine Learning Systems - Zuu Crew/_Programming/customer_churn_prediction/.venv/lib/python3.12/site-packages/airflow/example_dags/example_setup_teardown.py
[2025-12-23T23:57:53.832+0530] {processor.py:925} INFO - DAG(s) 'example_setup_teardown' retrieved from /mnt/d/Courses/_Zuu Crew/Build Production-Ready Machine Learning Systems - Zuu Crew/_Programming/customer_churn_prediction/.venv/lib/python3.12/site-packages/airflow/example_dags/example_setup_teardown.py
[2025-12-23T23:57:53.865+0530] {logging_mixin.py:190} INFO - [2025-12-23T23:57:53.863+0530] {dag.py:3239} INFO - Sync 1 DAGs
[2025-12-23T23:57:53.883+0530] {logging_mixin.py:190} INFO - [2025-12-23T23:57:53.881+0530] {dag.py:4180} INFO - Setting next_dagrun for example_setup_teardown to None, run_after=None
[2025-12-23T23:57:53.955+0530] {processor.py:208} INFO - Processing /mnt/d/Courses/_Zuu Crew/Build Production-Ready Machine Learning Systems - Zuu Crew/_Programming/customer_churn_prediction/.venv/lib/python3.12/site-packages/airflow/example_dags/example_setup_teardown.py took 0.221 seconds
