[2025-12-23T23:55:24.471+0530] {processor.py:186} INFO - Started process (PID=1631) to work on /mnt/d/Courses/_Zuu Crew/Build Production-Ready Machine Learning Systems - Zuu Crew/_Programming/customer_churn_prediction/.venv/lib/python3.12/site-packages/airflow/example_dags/example_short_circuit_operator.py
[2025-12-23T23:55:24.473+0530] {processor.py:914} INFO - Processing file /mnt/d/Courses/_Zuu Crew/Build Production-Ready Machine Learning Systems - Zuu Crew/_Programming/customer_churn_prediction/.venv/lib/python3.12/site-packages/airflow/example_dags/example_short_circuit_operator.py for tasks to queue
[2025-12-23T23:55:24.478+0530] {logging_mixin.py:190} INFO - [2025-12-23T23:55:24.477+0530] {dagbag.py:588} INFO - Filling up the DagBag from /mnt/d/Courses/_Zuu Crew/Build Production-Ready Machine Learning Systems - Zuu Crew/_Programming/customer_churn_prediction/.venv/lib/python3.12/site-packages/airflow/example_dags/example_short_circuit_operator.py
[2025-12-23T23:55:24.548+0530] {processor.py:925} INFO - DAG(s) 'example_short_circuit_operator' retrieved from /mnt/d/Courses/_Zuu Crew/Build Production-Ready Machine Learning Systems - Zuu Crew/_Programming/customer_churn_prediction/.venv/lib/python3.12/site-packages/airflow/example_dags/example_short_circuit_operator.py
[2025-12-23T23:55:25.845+0530] {logging_mixin.py:190} INFO - [2025-12-23T23:55:25.844+0530] {override.py:1911} INFO - Created Permission View: can read on DAG:example_short_circuit_operator
[2025-12-23T23:55:25.895+0530] {logging_mixin.py:190} INFO - [2025-12-23T23:55:25.894+0530] {override.py:1911} INFO - Created Permission View: can edit on DAG:example_short_circuit_operator
[2025-12-23T23:55:25.945+0530] {logging_mixin.py:190} INFO - [2025-12-23T23:55:25.943+0530] {override.py:1911} INFO - Created Permission View: can delete on DAG:example_short_circuit_operator
[2025-12-23T23:55:26.021+0530] {logging_mixin.py:190} INFO - [2025-12-23T23:55:26.020+0530] {override.py:1911} INFO - Created Permission View: can read on DAG Run:example_short_circuit_operator
[2025-12-23T23:55:26.066+0530] {logging_mixin.py:190} INFO - [2025-12-23T23:55:26.065+0530] {override.py:1911} INFO - Created Permission View: can create on DAG Run:example_short_circuit_operator
[2025-12-23T23:55:26.105+0530] {logging_mixin.py:190} INFO - [2025-12-23T23:55:26.104+0530] {override.py:1911} INFO - Created Permission View: can delete on DAG Run:example_short_circuit_operator
[2025-12-23T23:55:26.151+0530] {logging_mixin.py:190} INFO - [2025-12-23T23:55:26.150+0530] {override.py:1911} INFO - Created Permission View: menu access on DAG Run:example_short_circuit_operator
[2025-12-23T23:55:26.154+0530] {logging_mixin.py:190} INFO - [2025-12-23T23:55:26.153+0530] {dag.py:3239} INFO - Sync 1 DAGs
[2025-12-23T23:55:26.174+0530] {logging_mixin.py:190} INFO - [2025-12-23T23:55:26.173+0530] {dag.py:3262} INFO - Creating ORM DAG for example_short_circuit_operator
[2025-12-23T23:55:26.177+0530] {logging_mixin.py:190} INFO - [2025-12-23T23:55:26.176+0530] {dag.py:4180} INFO - Setting next_dagrun for example_short_circuit_operator to None, run_after=None
[2025-12-23T23:55:26.249+0530] {processor.py:208} INFO - Processing /mnt/d/Courses/_Zuu Crew/Build Production-Ready Machine Learning Systems - Zuu Crew/_Programming/customer_churn_prediction/.venv/lib/python3.12/site-packages/airflow/example_dags/example_short_circuit_operator.py took 1.790 seconds
[2025-12-23T23:57:49.737+0530] {processor.py:186} INFO - Started process (PID=1691) to work on /mnt/d/Courses/_Zuu Crew/Build Production-Ready Machine Learning Systems - Zuu Crew/_Programming/customer_churn_prediction/.venv/lib/python3.12/site-packages/airflow/example_dags/example_short_circuit_operator.py
[2025-12-23T23:57:49.739+0530] {processor.py:914} INFO - Processing file /mnt/d/Courses/_Zuu Crew/Build Production-Ready Machine Learning Systems - Zuu Crew/_Programming/customer_churn_prediction/.venv/lib/python3.12/site-packages/airflow/example_dags/example_short_circuit_operator.py for tasks to queue
[2025-12-23T23:57:49.744+0530] {logging_mixin.py:190} INFO - [2025-12-23T23:57:49.743+0530] {dagbag.py:588} INFO - Filling up the DagBag from /mnt/d/Courses/_Zuu Crew/Build Production-Ready Machine Learning Systems - Zuu Crew/_Programming/customer_churn_prediction/.venv/lib/python3.12/site-packages/airflow/example_dags/example_short_circuit_operator.py
[2025-12-23T23:57:49.816+0530] {processor.py:925} INFO - DAG(s) 'example_short_circuit_operator' retrieved from /mnt/d/Courses/_Zuu Crew/Build Production-Ready Machine Learning Systems - Zuu Crew/_Programming/customer_churn_prediction/.venv/lib/python3.12/site-packages/airflow/example_dags/example_short_circuit_operator.py
[2025-12-23T23:57:49.854+0530] {logging_mixin.py:190} INFO - [2025-12-23T23:57:49.853+0530] {dag.py:3239} INFO - Sync 1 DAGs
[2025-12-23T23:57:49.872+0530] {logging_mixin.py:190} INFO - [2025-12-23T23:57:49.871+0530] {dag.py:4180} INFO - Setting next_dagrun for example_short_circuit_operator to None, run_after=None
[2025-12-23T23:57:49.944+0530] {processor.py:208} INFO - Processing /mnt/d/Courses/_Zuu Crew/Build Production-Ready Machine Learning Systems - Zuu Crew/_Programming/customer_churn_prediction/.venv/lib/python3.12/site-packages/airflow/example_dags/example_short_circuit_operator.py took 0.219 seconds
