[2025-12-23T23:56:37.184+0530] {processor.py:186} INFO - Started process (PID=1654) to work on /mnt/d/Courses/_Zuu Crew/Build Production-Ready Machine Learning Systems - Zuu Crew/_Programming/customer_churn_prediction/.venv/lib/python3.12/site-packages/airflow/example_dags/example_dataset_alias_with_no_taskflow.py
[2025-12-23T23:56:37.186+0530] {processor.py:914} INFO - Processing file /mnt/d/Courses/_Zuu Crew/Build Production-Ready Machine Learning Systems - Zuu Crew/_Programming/customer_churn_prediction/.venv/lib/python3.12/site-packages/airflow/example_dags/example_dataset_alias_with_no_taskflow.py for tasks to queue
[2025-12-23T23:56:37.190+0530] {logging_mixin.py:190} INFO - [2025-12-23T23:56:37.189+0530] {dagbag.py:588} INFO - Filling up the DagBag from /mnt/d/Courses/_Zuu Crew/Build Production-Ready Machine Learning Systems - Zuu Crew/_Programming/customer_churn_prediction/.venv/lib/python3.12/site-packages/airflow/example_dags/example_dataset_alias_with_no_taskflow.py
[2025-12-23T23:56:37.317+0530] {processor.py:925} INFO - DAG(s) 'dataset_alias_example_alias_consumer_with_no_taskflow', 'dataset_s3_bucket_producer_with_no_taskflow', 'dataset_s3_bucket_consumer_with_no_taskflow', 'dataset_alias_example_alias_producer_with_no_taskflow' retrieved from /mnt/d/Courses/_Zuu Crew/Build Production-Ready Machine Learning Systems - Zuu Crew/_Programming/customer_churn_prediction/.venv/lib/python3.12/site-packages/airflow/example_dags/example_dataset_alias_with_no_taskflow.py
[2025-12-23T23:56:38.764+0530] {logging_mixin.py:190} INFO - [2025-12-23T23:56:38.761+0530] {override.py:1911} INFO - Created Permission View: can read on DAG:dataset_alias_example_alias_consumer_with_no_taskflow
[2025-12-23T23:56:38.823+0530] {logging_mixin.py:190} INFO - [2025-12-23T23:56:38.821+0530] {override.py:1911} INFO - Created Permission View: can edit on DAG:dataset_alias_example_alias_consumer_with_no_taskflow
[2025-12-23T23:56:38.875+0530] {logging_mixin.py:190} INFO - [2025-12-23T23:56:38.873+0530] {override.py:1911} INFO - Created Permission View: can delete on DAG:dataset_alias_example_alias_consumer_with_no_taskflow
[2025-12-23T23:56:38.965+0530] {logging_mixin.py:190} INFO - [2025-12-23T23:56:38.963+0530] {override.py:1911} INFO - Created Permission View: can read on DAG Run:dataset_alias_example_alias_consumer_with_no_taskflow
[2025-12-23T23:56:39.024+0530] {logging_mixin.py:190} INFO - [2025-12-23T23:56:39.022+0530] {override.py:1911} INFO - Created Permission View: can create on DAG Run:dataset_alias_example_alias_consumer_with_no_taskflow
[2025-12-23T23:56:39.080+0530] {logging_mixin.py:190} INFO - [2025-12-23T23:56:39.079+0530] {override.py:1911} INFO - Created Permission View: can delete on DAG Run:dataset_alias_example_alias_consumer_with_no_taskflow
[2025-12-23T23:56:39.134+0530] {logging_mixin.py:190} INFO - [2025-12-23T23:56:39.133+0530] {override.py:1911} INFO - Created Permission View: menu access on DAG Run:dataset_alias_example_alias_consumer_with_no_taskflow
[2025-12-23T23:56:39.236+0530] {logging_mixin.py:190} INFO - [2025-12-23T23:56:39.235+0530] {override.py:1911} INFO - Created Permission View: can read on DAG:dataset_s3_bucket_producer_with_no_taskflow
[2025-12-23T23:56:39.286+0530] {logging_mixin.py:190} INFO - [2025-12-23T23:56:39.285+0530] {override.py:1911} INFO - Created Permission View: can edit on DAG:dataset_s3_bucket_producer_with_no_taskflow
[2025-12-23T23:56:39.335+0530] {logging_mixin.py:190} INFO - [2025-12-23T23:56:39.333+0530] {override.py:1911} INFO - Created Permission View: can delete on DAG:dataset_s3_bucket_producer_with_no_taskflow
[2025-12-23T23:56:39.412+0530] {logging_mixin.py:190} INFO - [2025-12-23T23:56:39.411+0530] {override.py:1911} INFO - Created Permission View: can read on DAG Run:dataset_s3_bucket_producer_with_no_taskflow
[2025-12-23T23:56:39.461+0530] {logging_mixin.py:190} INFO - [2025-12-23T23:56:39.460+0530] {override.py:1911} INFO - Created Permission View: can create on DAG Run:dataset_s3_bucket_producer_with_no_taskflow
[2025-12-23T23:56:39.514+0530] {logging_mixin.py:190} INFO - [2025-12-23T23:56:39.512+0530] {override.py:1911} INFO - Created Permission View: can delete on DAG Run:dataset_s3_bucket_producer_with_no_taskflow
[2025-12-23T23:56:39.574+0530] {logging_mixin.py:190} INFO - [2025-12-23T23:56:39.572+0530] {override.py:1911} INFO - Created Permission View: menu access on DAG Run:dataset_s3_bucket_producer_with_no_taskflow
[2025-12-23T23:56:39.670+0530] {logging_mixin.py:190} INFO - [2025-12-23T23:56:39.668+0530] {override.py:1911} INFO - Created Permission View: can read on DAG:dataset_s3_bucket_consumer_with_no_taskflow
[2025-12-23T23:56:39.713+0530] {logging_mixin.py:190} INFO - [2025-12-23T23:56:39.711+0530] {override.py:1911} INFO - Created Permission View: can edit on DAG:dataset_s3_bucket_consumer_with_no_taskflow
[2025-12-23T23:56:39.760+0530] {logging_mixin.py:190} INFO - [2025-12-23T23:56:39.758+0530] {override.py:1911} INFO - Created Permission View: can delete on DAG:dataset_s3_bucket_consumer_with_no_taskflow
[2025-12-23T23:56:39.845+0530] {logging_mixin.py:190} INFO - [2025-12-23T23:56:39.843+0530] {override.py:1911} INFO - Created Permission View: can read on DAG Run:dataset_s3_bucket_consumer_with_no_taskflow
[2025-12-23T23:56:39.890+0530] {logging_mixin.py:190} INFO - [2025-12-23T23:56:39.889+0530] {override.py:1911} INFO - Created Permission View: can create on DAG Run:dataset_s3_bucket_consumer_with_no_taskflow
[2025-12-23T23:56:39.938+0530] {logging_mixin.py:190} INFO - [2025-12-23T23:56:39.936+0530] {override.py:1911} INFO - Created Permission View: can delete on DAG Run:dataset_s3_bucket_consumer_with_no_taskflow
[2025-12-23T23:56:39.991+0530] {logging_mixin.py:190} INFO - [2025-12-23T23:56:39.990+0530] {override.py:1911} INFO - Created Permission View: menu access on DAG Run:dataset_s3_bucket_consumer_with_no_taskflow
[2025-12-23T23:56:40.099+0530] {logging_mixin.py:190} INFO - [2025-12-23T23:56:40.097+0530] {override.py:1911} INFO - Created Permission View: can read on DAG:dataset_alias_example_alias_producer_with_no_taskflow
[2025-12-23T23:56:40.143+0530] {logging_mixin.py:190} INFO - [2025-12-23T23:56:40.141+0530] {override.py:1911} INFO - Created Permission View: can edit on DAG:dataset_alias_example_alias_producer_with_no_taskflow
[2025-12-23T23:56:40.190+0530] {logging_mixin.py:190} INFO - [2025-12-23T23:56:40.188+0530] {override.py:1911} INFO - Created Permission View: can delete on DAG:dataset_alias_example_alias_producer_with_no_taskflow
[2025-12-23T23:56:40.277+0530] {logging_mixin.py:190} INFO - [2025-12-23T23:56:40.275+0530] {override.py:1911} INFO - Created Permission View: can read on DAG Run:dataset_alias_example_alias_producer_with_no_taskflow
[2025-12-23T23:56:40.321+0530] {logging_mixin.py:190} INFO - [2025-12-23T23:56:40.320+0530] {override.py:1911} INFO - Created Permission View: can create on DAG Run:dataset_alias_example_alias_producer_with_no_taskflow
[2025-12-23T23:56:40.364+0530] {logging_mixin.py:190} INFO - [2025-12-23T23:56:40.362+0530] {override.py:1911} INFO - Created Permission View: can delete on DAG Run:dataset_alias_example_alias_producer_with_no_taskflow
[2025-12-23T23:56:40.408+0530] {logging_mixin.py:190} INFO - [2025-12-23T23:56:40.406+0530] {override.py:1911} INFO - Created Permission View: menu access on DAG Run:dataset_alias_example_alias_producer_with_no_taskflow
[2025-12-23T23:56:40.410+0530] {logging_mixin.py:190} INFO - [2025-12-23T23:56:40.409+0530] {dag.py:3239} INFO - Sync 4 DAGs
[2025-12-23T23:56:40.433+0530] {logging_mixin.py:190} INFO - [2025-12-23T23:56:40.432+0530] {dag.py:3262} INFO - Creating ORM DAG for dataset_s3_bucket_consumer_with_no_taskflow
[2025-12-23T23:56:40.436+0530] {logging_mixin.py:190} INFO - [2025-12-23T23:56:40.435+0530] {dag.py:3262} INFO - Creating ORM DAG for dataset_alias_example_alias_producer_with_no_taskflow
[2025-12-23T23:56:40.438+0530] {logging_mixin.py:190} INFO - [2025-12-23T23:56:40.437+0530] {dag.py:3262} INFO - Creating ORM DAG for dataset_s3_bucket_producer_with_no_taskflow
[2025-12-23T23:56:40.441+0530] {logging_mixin.py:190} INFO - [2025-12-23T23:56:40.440+0530] {dag.py:3262} INFO - Creating ORM DAG for dataset_alias_example_alias_consumer_with_no_taskflow
[2025-12-23T23:56:40.455+0530] {logging_mixin.py:190} INFO - [2025-12-23T23:56:40.454+0530] {dag.py:4180} INFO - Setting next_dagrun for dataset_alias_example_alias_consumer_with_no_taskflow to None, run_after=None
[2025-12-23T23:56:40.459+0530] {logging_mixin.py:190} INFO - [2025-12-23T23:56:40.457+0530] {dag.py:4180} INFO - Setting next_dagrun for dataset_alias_example_alias_producer_with_no_taskflow to None, run_after=None
[2025-12-23T23:56:40.461+0530] {logging_mixin.py:190} INFO - [2025-12-23T23:56:40.460+0530] {dag.py:4180} INFO - Setting next_dagrun for dataset_s3_bucket_consumer_with_no_taskflow to None, run_after=None
[2025-12-23T23:56:40.464+0530] {logging_mixin.py:190} INFO - [2025-12-23T23:56:40.462+0530] {dag.py:4180} INFO - Setting next_dagrun for dataset_s3_bucket_producer_with_no_taskflow to None, run_after=None
[2025-12-23T23:56:40.582+0530] {processor.py:208} INFO - Processing /mnt/d/Courses/_Zuu Crew/Build Production-Ready Machine Learning Systems - Zuu Crew/_Programming/customer_churn_prediction/.venv/lib/python3.12/site-packages/airflow/example_dags/example_dataset_alias_with_no_taskflow.py took 3.411 seconds
