[2025-12-23T23:54:59.189+0530] {processor.py:186} INFO - Started process (PID=1622) to work on /mnt/d/Courses/_Zuu Crew/Build Production-Ready Machine Learning Systems - Zuu Crew/_Programming/customer_churn_prediction/.venv/lib/python3.12/site-packages/airflow/example_dags/example_trigger_target_dag.py
[2025-12-23T23:54:59.191+0530] {processor.py:914} INFO - Processing file /mnt/d/Courses/_Zuu Crew/Build Production-Ready Machine Learning Systems - Zuu Crew/_Programming/customer_churn_prediction/.venv/lib/python3.12/site-packages/airflow/example_dags/example_trigger_target_dag.py for tasks to queue
[2025-12-23T23:54:59.197+0530] {logging_mixin.py:190} INFO - [2025-12-23T23:54:59.196+0530] {dagbag.py:588} INFO - Filling up the DagBag from /mnt/d/Courses/_Zuu Crew/Build Production-Ready Machine Learning Systems - Zuu Crew/_Programming/customer_churn_prediction/.venv/lib/python3.12/site-packages/airflow/example_dags/example_trigger_target_dag.py
[2025-12-23T23:54:59.322+0530] {processor.py:925} INFO - DAG(s) 'example_trigger_target_dag' retrieved from /mnt/d/Courses/_Zuu Crew/Build Production-Ready Machine Learning Systems - Zuu Crew/_Programming/customer_churn_prediction/.venv/lib/python3.12/site-packages/airflow/example_dags/example_trigger_target_dag.py
[2025-12-23T23:55:00.706+0530] {logging_mixin.py:190} INFO - [2025-12-23T23:55:00.704+0530] {override.py:1911} INFO - Created Permission View: can read on DAG:example_trigger_target_dag
[2025-12-23T23:55:00.758+0530] {logging_mixin.py:190} INFO - [2025-12-23T23:55:00.756+0530] {override.py:1911} INFO - Created Permission View: can edit on DAG:example_trigger_target_dag
[2025-12-23T23:55:00.808+0530] {logging_mixin.py:190} INFO - [2025-12-23T23:55:00.807+0530] {override.py:1911} INFO - Created Permission View: can delete on DAG:example_trigger_target_dag
[2025-12-23T23:55:00.891+0530] {logging_mixin.py:190} INFO - [2025-12-23T23:55:00.890+0530] {override.py:1911} INFO - Created Permission View: can read on DAG Run:example_trigger_target_dag
[2025-12-23T23:55:00.944+0530] {logging_mixin.py:190} INFO - [2025-12-23T23:55:00.943+0530] {override.py:1911} INFO - Created Permission View: can create on DAG Run:example_trigger_target_dag
[2025-12-23T23:55:00.989+0530] {logging_mixin.py:190} INFO - [2025-12-23T23:55:00.987+0530] {override.py:1911} INFO - Created Permission View: can delete on DAG Run:example_trigger_target_dag
[2025-12-23T23:55:01.033+0530] {logging_mixin.py:190} INFO - [2025-12-23T23:55:01.031+0530] {override.py:1911} INFO - Created Permission View: menu access on DAG Run:example_trigger_target_dag
[2025-12-23T23:55:01.035+0530] {logging_mixin.py:190} INFO - [2025-12-23T23:55:01.034+0530] {dag.py:3239} INFO - Sync 1 DAGs
[2025-12-23T23:55:01.056+0530] {logging_mixin.py:190} INFO - [2025-12-23T23:55:01.055+0530] {dag.py:3262} INFO - Creating ORM DAG for example_trigger_target_dag
[2025-12-23T23:55:01.059+0530] {logging_mixin.py:190} INFO - [2025-12-23T23:55:01.058+0530] {dag.py:4180} INFO - Setting next_dagrun for example_trigger_target_dag to None, run_after=None
[2025-12-23T23:55:01.134+0530] {processor.py:208} INFO - Processing /mnt/d/Courses/_Zuu Crew/Build Production-Ready Machine Learning Systems - Zuu Crew/_Programming/customer_churn_prediction/.venv/lib/python3.12/site-packages/airflow/example_dags/example_trigger_target_dag.py took 1.961 seconds
[2025-12-23T23:57:39.233+0530] {processor.py:186} INFO - Started process (PID=1683) to work on /mnt/d/Courses/_Zuu Crew/Build Production-Ready Machine Learning Systems - Zuu Crew/_Programming/customer_churn_prediction/.venv/lib/python3.12/site-packages/airflow/example_dags/example_trigger_target_dag.py
[2025-12-23T23:57:39.235+0530] {processor.py:914} INFO - Processing file /mnt/d/Courses/_Zuu Crew/Build Production-Ready Machine Learning Systems - Zuu Crew/_Programming/customer_churn_prediction/.venv/lib/python3.12/site-packages/airflow/example_dags/example_trigger_target_dag.py for tasks to queue
[2025-12-23T23:57:39.239+0530] {logging_mixin.py:190} INFO - [2025-12-23T23:57:39.238+0530] {dagbag.py:588} INFO - Filling up the DagBag from /mnt/d/Courses/_Zuu Crew/Build Production-Ready Machine Learning Systems - Zuu Crew/_Programming/customer_churn_prediction/.venv/lib/python3.12/site-packages/airflow/example_dags/example_trigger_target_dag.py
[2025-12-23T23:57:39.304+0530] {processor.py:925} INFO - DAG(s) 'example_trigger_target_dag' retrieved from /mnt/d/Courses/_Zuu Crew/Build Production-Ready Machine Learning Systems - Zuu Crew/_Programming/customer_churn_prediction/.venv/lib/python3.12/site-packages/airflow/example_dags/example_trigger_target_dag.py
[2025-12-23T23:57:39.332+0530] {logging_mixin.py:190} INFO - [2025-12-23T23:57:39.331+0530] {dag.py:3239} INFO - Sync 1 DAGs
[2025-12-23T23:57:39.346+0530] {logging_mixin.py:190} INFO - [2025-12-23T23:57:39.345+0530] {dag.py:4180} INFO - Setting next_dagrun for example_trigger_target_dag to None, run_after=None
[2025-12-23T23:57:39.513+0530] {processor.py:208} INFO - Processing /mnt/d/Courses/_Zuu Crew/Build Production-Ready Machine Learning Systems - Zuu Crew/_Programming/customer_churn_prediction/.venv/lib/python3.12/site-packages/airflow/example_dags/example_trigger_target_dag.py took 0.291 seconds
