[2025-12-23T23:55:15.114+0530] {processor.py:186} INFO - Started process (PID=1628) to work on /mnt/d/Courses/_Zuu Crew/Build Production-Ready Machine Learning Systems - Zuu Crew/_Programming/customer_churn_prediction/.venv/lib/python3.12/site-packages/airflow/example_dags/example_subdag_operator.py
[2025-12-23T23:55:15.116+0530] {processor.py:914} INFO - Processing file /mnt/d/Courses/_Zuu Crew/Build Production-Ready Machine Learning Systems - Zuu Crew/_Programming/customer_churn_prediction/.venv/lib/python3.12/site-packages/airflow/example_dags/example_subdag_operator.py for tasks to queue
[2025-12-23T23:55:15.121+0530] {logging_mixin.py:190} INFO - [2025-12-23T23:55:15.119+0530] {dagbag.py:588} INFO - Filling up the DagBag from /mnt/d/Courses/_Zuu Crew/Build Production-Ready Machine Learning Systems - Zuu Crew/_Programming/customer_churn_prediction/.venv/lib/python3.12/site-packages/airflow/example_dags/example_subdag_operator.py
[2025-12-23T23:55:15.257+0530] {processor.py:925} INFO - DAG(s) 'example_subdag_operator.section-1', 'example_subdag_operator.section-2', 'example_subdag_operator' retrieved from /mnt/d/Courses/_Zuu Crew/Build Production-Ready Machine Learning Systems - Zuu Crew/_Programming/customer_churn_prediction/.venv/lib/python3.12/site-packages/airflow/example_dags/example_subdag_operator.py
[2025-12-23T23:55:16.830+0530] {logging_mixin.py:190} INFO - [2025-12-23T23:55:16.828+0530] {override.py:1911} INFO - Created Permission View: can read on DAG:example_subdag_operator
[2025-12-23T23:55:16.891+0530] {logging_mixin.py:190} INFO - [2025-12-23T23:55:16.889+0530] {override.py:1911} INFO - Created Permission View: can edit on DAG:example_subdag_operator
[2025-12-23T23:55:16.943+0530] {logging_mixin.py:190} INFO - [2025-12-23T23:55:16.942+0530] {override.py:1911} INFO - Created Permission View: can delete on DAG:example_subdag_operator
[2025-12-23T23:55:17.025+0530] {logging_mixin.py:190} INFO - [2025-12-23T23:55:17.024+0530] {override.py:1911} INFO - Created Permission View: can read on DAG Run:example_subdag_operator
[2025-12-23T23:55:17.073+0530] {logging_mixin.py:190} INFO - [2025-12-23T23:55:17.070+0530] {override.py:1911} INFO - Created Permission View: can create on DAG Run:example_subdag_operator
[2025-12-23T23:55:17.123+0530] {logging_mixin.py:190} INFO - [2025-12-23T23:55:17.122+0530] {override.py:1911} INFO - Created Permission View: can delete on DAG Run:example_subdag_operator
[2025-12-23T23:55:17.174+0530] {logging_mixin.py:190} INFO - [2025-12-23T23:55:17.173+0530] {override.py:1911} INFO - Created Permission View: menu access on DAG Run:example_subdag_operator
[2025-12-23T23:55:17.177+0530] {logging_mixin.py:190} INFO - [2025-12-23T23:55:17.176+0530] {dag.py:3239} INFO - Sync 3 DAGs
[2025-12-23T23:55:17.203+0530] {logging_mixin.py:190} INFO - [2025-12-23T23:55:17.201+0530] {dag.py:3262} INFO - Creating ORM DAG for example_subdag_operator.section-2
[2025-12-23T23:55:17.207+0530] {logging_mixin.py:190} INFO - [2025-12-23T23:55:17.205+0530] {dag.py:3262} INFO - Creating ORM DAG for example_subdag_operator.section-1
[2025-12-23T23:55:17.209+0530] {logging_mixin.py:190} INFO - [2025-12-23T23:55:17.208+0530] {dag.py:3262} INFO - Creating ORM DAG for example_subdag_operator
[2025-12-23T23:55:17.223+0530] {logging_mixin.py:190} INFO - [2025-12-23T23:55:17.222+0530] {dag.py:4180} INFO - Setting next_dagrun for example_subdag_operator to 2022-01-01 00:00:00+00:00, run_after=2022-01-01 00:00:00+00:00
[2025-12-23T23:55:17.227+0530] {logging_mixin.py:190} INFO - [2025-12-23T23:55:17.226+0530] {dag.py:4180} INFO - Setting next_dagrun for example_subdag_operator.section-1 to None, run_after=None
[2025-12-23T23:55:17.229+0530] {logging_mixin.py:190} INFO - [2025-12-23T23:55:17.228+0530] {dag.py:4180} INFO - Setting next_dagrun for example_subdag_operator.section-2 to None, run_after=None
[2025-12-23T23:55:17.256+0530] {logging_mixin.py:190} INFO - [2025-12-23T23:55:17.254+0530] {dag.py:3239} INFO - Sync 2 DAGs
[2025-12-23T23:55:17.264+0530] {logging_mixin.py:190} INFO - [2025-12-23T23:55:17.263+0530] {dag.py:4180} INFO - Setting next_dagrun for example_subdag_operator.section-1 to None, run_after=None
[2025-12-23T23:55:17.270+0530] {logging_mixin.py:190} INFO - [2025-12-23T23:55:17.269+0530] {dag.py:4180} INFO - Setting next_dagrun for example_subdag_operator.section-2 to None, run_after=None
[2025-12-23T23:55:17.341+0530] {processor.py:208} INFO - Processing /mnt/d/Courses/_Zuu Crew/Build Production-Ready Machine Learning Systems - Zuu Crew/_Programming/customer_churn_prediction/.venv/lib/python3.12/site-packages/airflow/example_dags/example_subdag_operator.py took 2.240 seconds
[2025-12-23T23:57:46.125+0530] {processor.py:186} INFO - Started process (PID=1688) to work on /mnt/d/Courses/_Zuu Crew/Build Production-Ready Machine Learning Systems - Zuu Crew/_Programming/customer_churn_prediction/.venv/lib/python3.12/site-packages/airflow/example_dags/example_subdag_operator.py
[2025-12-23T23:57:46.127+0530] {processor.py:914} INFO - Processing file /mnt/d/Courses/_Zuu Crew/Build Production-Ready Machine Learning Systems - Zuu Crew/_Programming/customer_churn_prediction/.venv/lib/python3.12/site-packages/airflow/example_dags/example_subdag_operator.py for tasks to queue
[2025-12-23T23:57:46.132+0530] {logging_mixin.py:190} INFO - [2025-12-23T23:57:46.131+0530] {dagbag.py:588} INFO - Filling up the DagBag from /mnt/d/Courses/_Zuu Crew/Build Production-Ready Machine Learning Systems - Zuu Crew/_Programming/customer_churn_prediction/.venv/lib/python3.12/site-packages/airflow/example_dags/example_subdag_operator.py
[2025-12-23T23:57:46.283+0530] {processor.py:925} INFO - DAG(s) 'example_subdag_operator.section-1', 'example_subdag_operator.section-2', 'example_subdag_operator' retrieved from /mnt/d/Courses/_Zuu Crew/Build Production-Ready Machine Learning Systems - Zuu Crew/_Programming/customer_churn_prediction/.venv/lib/python3.12/site-packages/airflow/example_dags/example_subdag_operator.py
[2025-12-23T23:57:46.317+0530] {logging_mixin.py:190} INFO - [2025-12-23T23:57:46.315+0530] {dag.py:3239} INFO - Sync 3 DAGs
[2025-12-23T23:57:46.350+0530] {logging_mixin.py:190} INFO - [2025-12-23T23:57:46.349+0530] {dag.py:4180} INFO - Setting next_dagrun for example_subdag_operator to 2022-01-01 00:00:00+00:00, run_after=2022-01-01 00:00:00+00:00
[2025-12-23T23:57:46.358+0530] {logging_mixin.py:190} INFO - [2025-12-23T23:57:46.356+0530] {dag.py:4180} INFO - Setting next_dagrun for example_subdag_operator.section-1 to None, run_after=None
[2025-12-23T23:57:46.362+0530] {logging_mixin.py:190} INFO - [2025-12-23T23:57:46.361+0530] {dag.py:4180} INFO - Setting next_dagrun for example_subdag_operator.section-2 to None, run_after=None
[2025-12-23T23:57:46.383+0530] {logging_mixin.py:190} INFO - [2025-12-23T23:57:46.381+0530] {dag.py:3239} INFO - Sync 2 DAGs
[2025-12-23T23:57:46.390+0530] {logging_mixin.py:190} INFO - [2025-12-23T23:57:46.388+0530] {dag.py:4180} INFO - Setting next_dagrun for example_subdag_operator.section-1 to None, run_after=None
[2025-12-23T23:57:46.392+0530] {logging_mixin.py:190} INFO - [2025-12-23T23:57:46.391+0530] {dag.py:4180} INFO - Setting next_dagrun for example_subdag_operator.section-2 to None, run_after=None
[2025-12-23T23:57:46.468+0530] {processor.py:208} INFO - Processing /mnt/d/Courses/_Zuu Crew/Build Production-Ready Machine Learning Systems - Zuu Crew/_Programming/customer_churn_prediction/.venv/lib/python3.12/site-packages/airflow/example_dags/example_subdag_operator.py took 0.355 seconds
