[2025-12-23T23:56:14.602+0530] {processor.py:186} INFO - Started process (PID=1648) to work on /mnt/d/Courses/_Zuu Crew/Build Production-Ready Machine Learning Systems - Zuu Crew/_Programming/customer_churn_prediction/.venv/lib/python3.12/site-packages/airflow/example_dags/example_inlet_event_extra.py
[2025-12-23T23:56:14.604+0530] {processor.py:914} INFO - Processing file /mnt/d/Courses/_Zuu Crew/Build Production-Ready Machine Learning Systems - Zuu Crew/_Programming/customer_churn_prediction/.venv/lib/python3.12/site-packages/airflow/example_dags/example_inlet_event_extra.py for tasks to queue
[2025-12-23T23:56:14.609+0530] {logging_mixin.py:190} INFO - [2025-12-23T23:56:14.608+0530] {dagbag.py:588} INFO - Filling up the DagBag from /mnt/d/Courses/_Zuu Crew/Build Production-Ready Machine Learning Systems - Zuu Crew/_Programming/customer_churn_prediction/.venv/lib/python3.12/site-packages/airflow/example_dags/example_inlet_event_extra.py
[2025-12-23T23:56:14.741+0530] {processor.py:925} INFO - DAG(s) 'read_dataset_event_from_classic', 'read_dataset_event' retrieved from /mnt/d/Courses/_Zuu Crew/Build Production-Ready Machine Learning Systems - Zuu Crew/_Programming/customer_churn_prediction/.venv/lib/python3.12/site-packages/airflow/example_dags/example_inlet_event_extra.py
[2025-12-23T23:56:16.026+0530] {logging_mixin.py:190} INFO - [2025-12-23T23:56:16.024+0530] {override.py:1911} INFO - Created Permission View: can read on DAG:read_dataset_event_from_classic
[2025-12-23T23:56:16.091+0530] {logging_mixin.py:190} INFO - [2025-12-23T23:56:16.090+0530] {override.py:1911} INFO - Created Permission View: can edit on DAG:read_dataset_event_from_classic
[2025-12-23T23:56:16.145+0530] {logging_mixin.py:190} INFO - [2025-12-23T23:56:16.144+0530] {override.py:1911} INFO - Created Permission View: can delete on DAG:read_dataset_event_from_classic
[2025-12-23T23:56:16.227+0530] {logging_mixin.py:190} INFO - [2025-12-23T23:56:16.226+0530] {override.py:1911} INFO - Created Permission View: can read on DAG Run:read_dataset_event_from_classic
[2025-12-23T23:56:16.282+0530] {logging_mixin.py:190} INFO - [2025-12-23T23:56:16.280+0530] {override.py:1911} INFO - Created Permission View: can create on DAG Run:read_dataset_event_from_classic
[2025-12-23T23:56:16.323+0530] {logging_mixin.py:190} INFO - [2025-12-23T23:56:16.322+0530] {override.py:1911} INFO - Created Permission View: can delete on DAG Run:read_dataset_event_from_classic
[2025-12-23T23:56:16.371+0530] {logging_mixin.py:190} INFO - [2025-12-23T23:56:16.370+0530] {override.py:1911} INFO - Created Permission View: menu access on DAG Run:read_dataset_event_from_classic
[2025-12-23T23:56:16.457+0530] {logging_mixin.py:190} INFO - [2025-12-23T23:56:16.456+0530] {override.py:1911} INFO - Created Permission View: can read on DAG:read_dataset_event
[2025-12-23T23:56:16.501+0530] {logging_mixin.py:190} INFO - [2025-12-23T23:56:16.499+0530] {override.py:1911} INFO - Created Permission View: can edit on DAG:read_dataset_event
[2025-12-23T23:56:16.546+0530] {logging_mixin.py:190} INFO - [2025-12-23T23:56:16.544+0530] {override.py:1911} INFO - Created Permission View: can delete on DAG:read_dataset_event
[2025-12-23T23:56:16.624+0530] {logging_mixin.py:190} INFO - [2025-12-23T23:56:16.622+0530] {override.py:1911} INFO - Created Permission View: can read on DAG Run:read_dataset_event
[2025-12-23T23:56:16.674+0530] {logging_mixin.py:190} INFO - [2025-12-23T23:56:16.673+0530] {override.py:1911} INFO - Created Permission View: can create on DAG Run:read_dataset_event
[2025-12-23T23:56:16.724+0530] {logging_mixin.py:190} INFO - [2025-12-23T23:56:16.722+0530] {override.py:1911} INFO - Created Permission View: can delete on DAG Run:read_dataset_event
[2025-12-23T23:56:16.775+0530] {logging_mixin.py:190} INFO - [2025-12-23T23:56:16.773+0530] {override.py:1911} INFO - Created Permission View: menu access on DAG Run:read_dataset_event
[2025-12-23T23:56:16.777+0530] {logging_mixin.py:190} INFO - [2025-12-23T23:56:16.776+0530] {dag.py:3239} INFO - Sync 2 DAGs
[2025-12-23T23:56:16.801+0530] {logging_mixin.py:190} INFO - [2025-12-23T23:56:16.800+0530] {dag.py:3262} INFO - Creating ORM DAG for read_dataset_event
[2025-12-23T23:56:16.804+0530] {logging_mixin.py:190} INFO - [2025-12-23T23:56:16.802+0530] {dag.py:3262} INFO - Creating ORM DAG for read_dataset_event_from_classic
[2025-12-23T23:56:16.819+0530] {logging_mixin.py:190} INFO - [2025-12-23T23:56:16.818+0530] {dag.py:4180} INFO - Setting next_dagrun for read_dataset_event to 2025-12-22 00:00:00+00:00, run_after=2025-12-23 00:00:00+00:00
[2025-12-23T23:56:16.823+0530] {logging_mixin.py:190} INFO - [2025-12-23T23:56:16.821+0530] {dag.py:4180} INFO - Setting next_dagrun for read_dataset_event_from_classic to 2025-12-22 00:00:00+00:00, run_after=2025-12-23 00:00:00+00:00
[2025-12-23T23:56:16.899+0530] {processor.py:208} INFO - Processing /mnt/d/Courses/_Zuu Crew/Build Production-Ready Machine Learning Systems - Zuu Crew/_Programming/customer_churn_prediction/.venv/lib/python3.12/site-packages/airflow/example_dags/example_inlet_event_extra.py took 2.309 seconds
