[2025-12-23T23:55:53.060+0530] {processor.py:186} INFO - Started process (PID=1640) to work on /mnt/d/Courses/_Zuu Crew/Build Production-Ready Machine Learning Systems - Zuu Crew/_Programming/customer_churn_prediction/.venv/lib/python3.12/site-packages/airflow/example_dags/example_params_ui_tutorial.py
[2025-12-23T23:55:53.063+0530] {processor.py:914} INFO - Processing file /mnt/d/Courses/_Zuu Crew/Build Production-Ready Machine Learning Systems - Zuu Crew/_Programming/customer_churn_prediction/.venv/lib/python3.12/site-packages/airflow/example_dags/example_params_ui_tutorial.py for tasks to queue
[2025-12-23T23:55:53.071+0530] {logging_mixin.py:190} INFO - [2025-12-23T23:55:53.069+0530] {dagbag.py:588} INFO - Filling up the DagBag from /mnt/d/Courses/_Zuu Crew/Build Production-Ready Machine Learning Systems - Zuu Crew/_Programming/customer_churn_prediction/.venv/lib/python3.12/site-packages/airflow/example_dags/example_params_ui_tutorial.py
[2025-12-23T23:55:53.184+0530] {processor.py:925} INFO - DAG(s) 'example_params_ui_tutorial' retrieved from /mnt/d/Courses/_Zuu Crew/Build Production-Ready Machine Learning Systems - Zuu Crew/_Programming/customer_churn_prediction/.venv/lib/python3.12/site-packages/airflow/example_dags/example_params_ui_tutorial.py
[2025-12-23T23:55:54.728+0530] {logging_mixin.py:190} INFO - [2025-12-23T23:55:54.726+0530] {override.py:1911} INFO - Created Permission View: can read on DAG:example_params_ui_tutorial
[2025-12-23T23:55:54.798+0530] {logging_mixin.py:190} INFO - [2025-12-23T23:55:54.795+0530] {override.py:1911} INFO - Created Permission View: can edit on DAG:example_params_ui_tutorial
[2025-12-23T23:55:54.860+0530] {logging_mixin.py:190} INFO - [2025-12-23T23:55:54.858+0530] {override.py:1911} INFO - Created Permission View: can delete on DAG:example_params_ui_tutorial
[2025-12-23T23:55:54.958+0530] {logging_mixin.py:190} INFO - [2025-12-23T23:55:54.957+0530] {override.py:1911} INFO - Created Permission View: can read on DAG Run:example_params_ui_tutorial
[2025-12-23T23:55:55.018+0530] {logging_mixin.py:190} INFO - [2025-12-23T23:55:55.015+0530] {override.py:1911} INFO - Created Permission View: can create on DAG Run:example_params_ui_tutorial
[2025-12-23T23:55:55.075+0530] {logging_mixin.py:190} INFO - [2025-12-23T23:55:55.073+0530] {override.py:1911} INFO - Created Permission View: can delete on DAG Run:example_params_ui_tutorial
[2025-12-23T23:55:55.132+0530] {logging_mixin.py:190} INFO - [2025-12-23T23:55:55.130+0530] {override.py:1911} INFO - Created Permission View: menu access on DAG Run:example_params_ui_tutorial
[2025-12-23T23:55:55.135+0530] {logging_mixin.py:190} INFO - [2025-12-23T23:55:55.134+0530] {dag.py:3239} INFO - Sync 1 DAGs
[2025-12-23T23:55:55.159+0530] {logging_mixin.py:190} INFO - [2025-12-23T23:55:55.157+0530] {dag.py:3262} INFO - Creating ORM DAG for example_params_ui_tutorial
[2025-12-23T23:55:55.162+0530] {logging_mixin.py:190} INFO - [2025-12-23T23:55:55.160+0530] {dag.py:4180} INFO - Setting next_dagrun for example_params_ui_tutorial to None, run_after=None
[2025-12-23T23:55:55.245+0530] {processor.py:208} INFO - Processing /mnt/d/Courses/_Zuu Crew/Build Production-Ready Machine Learning Systems - Zuu Crew/_Programming/customer_churn_prediction/.venv/lib/python3.12/site-packages/airflow/example_dags/example_params_ui_tutorial.py took 2.205 seconds
[2025-12-23T23:58:01.695+0530] {processor.py:186} INFO - Started process (PID=1700) to work on /mnt/d/Courses/_Zuu Crew/Build Production-Ready Machine Learning Systems - Zuu Crew/_Programming/customer_churn_prediction/.venv/lib/python3.12/site-packages/airflow/example_dags/example_params_ui_tutorial.py
[2025-12-23T23:58:01.697+0530] {processor.py:914} INFO - Processing file /mnt/d/Courses/_Zuu Crew/Build Production-Ready Machine Learning Systems - Zuu Crew/_Programming/customer_churn_prediction/.venv/lib/python3.12/site-packages/airflow/example_dags/example_params_ui_tutorial.py for tasks to queue
[2025-12-23T23:58:01.701+0530] {logging_mixin.py:190} INFO - [2025-12-23T23:58:01.700+0530] {dagbag.py:588} INFO - Filling up the DagBag from /mnt/d/Courses/_Zuu Crew/Build Production-Ready Machine Learning Systems - Zuu Crew/_Programming/customer_churn_prediction/.venv/lib/python3.12/site-packages/airflow/example_dags/example_params_ui_tutorial.py
[2025-12-23T23:58:01.767+0530] {processor.py:925} INFO - DAG(s) 'example_params_ui_tutorial' retrieved from /mnt/d/Courses/_Zuu Crew/Build Production-Ready Machine Learning Systems - Zuu Crew/_Programming/customer_churn_prediction/.venv/lib/python3.12/site-packages/airflow/example_dags/example_params_ui_tutorial.py
[2025-12-23T23:58:01.812+0530] {logging_mixin.py:190} INFO - [2025-12-23T23:58:01.811+0530] {dag.py:3239} INFO - Sync 1 DAGs
[2025-12-23T23:58:01.829+0530] {logging_mixin.py:190} INFO - [2025-12-23T23:58:01.828+0530] {dag.py:4180} INFO - Setting next_dagrun for example_params_ui_tutorial to None, run_after=None
[2025-12-23T23:58:01.939+0530] {processor.py:208} INFO - Processing /mnt/d/Courses/_Zuu Crew/Build Production-Ready Machine Learning Systems - Zuu Crew/_Programming/customer_churn_prediction/.venv/lib/python3.12/site-packages/airflow/example_dags/example_params_ui_tutorial.py took 0.256 seconds
